{"total": {"lines":{"total":1152,"covered":1035,"skipped":0,"pct":89.84},"statements":{"total":1152,"covered":1035,"skipped":0,"pct":89.84},"functions":{"total":66,"covered":60,"skipped":0,"pct":90.91},"branches":{"total":223,"covered":188,"skipped":0,"pct":84.3}}
,"C:\\SoftwareStuff\\Projects\\funscript\\src\\clone\\clone-decorator.ts": {"lines":{"total":13,"covered":13,"skipped":0,"pct":100},"functions":{"total":2,"covered":2,"skipped":0,"pct":100},"statements":{"total":13,"covered":13,"skipped":0,"pct":100},"branches":{"total":3,"covered":3,"skipped":0,"pct":100}}
,"C:\\SoftwareStuff\\Projects\\funscript\\src\\clone\\clone.ts": {"lines":{"total":29,"covered":29,"skipped":0,"pct":100},"functions":{"total":1,"covered":1,"skipped":0,"pct":100},"statements":{"total":29,"covered":29,"skipped":0,"pct":100},"branches":{"total":13,"covered":13,"skipped":0,"pct":100}}
,"C:\\SoftwareStuff\\Projects\\funscript\\src\\collect-pending-invocations\\collect-pending-invocations-decorator.ts": {"lines":{"total":11,"covered":11,"skipped":0,"pct":100},"functions":{"total":1,"covered":1,"skipped":0,"pct":100},"statements":{"total":11,"covered":11,"skipped":0,"pct":100},"branches":{"total":1,"covered":1,"skipped":0,"pct":100}}
,"C:\\SoftwareStuff\\Projects\\funscript\\src\\collect-pending-invocations\\collect-pending-invocations.ts": {"lines":{"total":178,"covered":159,"skipped":0,"pct":89.33},"functions":{"total":11,"covered":11,"skipped":0,"pct":100},"statements":{"total":178,"covered":159,"skipped":0,"pct":89.33},"branches":{"total":34,"covered":29,"skipped":0,"pct":85.29}}
,"C:\\SoftwareStuff\\Projects\\funscript\\src\\compose\\compose.ts": {"lines":{"total":30,"covered":30,"skipped":0,"pct":100},"functions":{"total":2,"covered":2,"skipped":0,"pct":100},"statements":{"total":30,"covered":30,"skipped":0,"pct":100},"branches":{"total":6,"covered":6,"skipped":0,"pct":100}}
,"C:\\SoftwareStuff\\Projects\\funscript\\src\\domain\\primitive-types.ts": {"lines":{"total":7,"covered":7,"skipped":0,"pct":100},"functions":{"total":0,"covered":0,"skipped":0,"pct":100},"statements":{"total":7,"covered":7,"skipped":0,"pct":100},"branches":{"total":0,"covered":0,"skipped":0,"pct":100}}
,"C:\\SoftwareStuff\\Projects\\funscript\\src\\equals\\equals.ts": {"lines":{"total":71,"covered":67,"skipped":0,"pct":94.37},"functions":{"total":1,"covered":1,"skipped":0,"pct":100},"statements":{"total":71,"covered":67,"skipped":0,"pct":94.37},"branches":{"total":30,"covered":22,"skipped":0,"pct":73.33}}
,"C:\\SoftwareStuff\\Projects\\funscript\\src\\fun-ar\\fun-ar.ts": {"lines":{"total":429,"covered":364,"skipped":0,"pct":84.85},"functions":{"total":25,"covered":21,"skipped":0,"pct":84},"statements":{"total":429,"covered":364,"skipped":0,"pct":84.85},"branches":{"total":74,"covered":60,"skipped":0,"pct":81.08}}
,"C:\\SoftwareStuff\\Projects\\funscript\\src\\fun-obj\\fun-obj.ts": {"lines":{"total":152,"covered":123,"skipped":0,"pct":80.92},"functions":{"total":7,"covered":5,"skipped":0,"pct":71.43},"statements":{"total":152,"covered":123,"skipped":0,"pct":80.92},"branches":{"total":13,"covered":9,"skipped":0,"pct":69.23}}
,"C:\\SoftwareStuff\\Projects\\funscript\\src\\lock\\lock-decorator.ts": {"lines":{"total":13,"covered":13,"skipped":0,"pct":100},"functions":{"total":2,"covered":2,"skipped":0,"pct":100},"statements":{"total":13,"covered":13,"skipped":0,"pct":100},"branches":{"total":3,"covered":3,"skipped":0,"pct":100}}
,"C:\\SoftwareStuff\\Projects\\funscript\\src\\lock\\lock.ts": {"lines":{"total":33,"covered":33,"skipped":0,"pct":100},"functions":{"total":2,"covered":2,"skipped":0,"pct":100},"statements":{"total":33,"covered":33,"skipped":0,"pct":100},"branches":{"total":12,"covered":12,"skipped":0,"pct":100}}
,"C:\\SoftwareStuff\\Projects\\funscript\\src\\memoize\\memoize-async-decorator.ts": {"lines":{"total":38,"covered":38,"skipped":0,"pct":100},"functions":{"total":2,"covered":2,"skipped":0,"pct":100},"statements":{"total":38,"covered":38,"skipped":0,"pct":100},"branches":{"total":4,"covered":4,"skipped":0,"pct":100}}
,"C:\\SoftwareStuff\\Projects\\funscript\\src\\memoize\\memoize-async.ts": {"lines":{"total":65,"covered":65,"skipped":0,"pct":100},"functions":{"total":4,"covered":4,"skipped":0,"pct":100},"statements":{"total":65,"covered":65,"skipped":0,"pct":100},"branches":{"total":13,"covered":11,"skipped":0,"pct":84.62}}
,"C:\\SoftwareStuff\\Projects\\funscript\\src\\memoize\\memoize-decorator.ts": {"lines":{"total":21,"covered":21,"skipped":0,"pct":100},"functions":{"total":2,"covered":2,"skipped":0,"pct":100},"statements":{"total":21,"covered":21,"skipped":0,"pct":100},"branches":{"total":4,"covered":4,"skipped":0,"pct":100}}
,"C:\\SoftwareStuff\\Projects\\funscript\\src\\memoize\\memoize.ts": {"lines":{"total":62,"covered":62,"skipped":0,"pct":100},"functions":{"total":4,"covered":4,"skipped":0,"pct":100},"statements":{"total":62,"covered":62,"skipped":0,"pct":100},"branches":{"total":13,"covered":11,"skipped":0,"pct":84.62}}
}
