{"total": {"lines":{"total":993,"covered":910,"skipped":0,"pct":91.64},"statements":{"total":993,"covered":910,"skipped":0,"pct":91.64},"functions":{"total":56,"covered":52,"skipped":0,"pct":92.86},"branches":{"total":217,"covered":188,"skipped":0,"pct":86.64}}
,"C:\\SoftwareStuff\\Projects\\funscript\\src\\clone\\clone-decorator.ts": {"lines":{"total":13,"covered":13,"skipped":0,"pct":100},"functions":{"total":2,"covered":2,"skipped":0,"pct":100},"statements":{"total":13,"covered":13,"skipped":0,"pct":100},"branches":{"total":3,"covered":3,"skipped":0,"pct":100}}
,"C:\\SoftwareStuff\\Projects\\funscript\\src\\clone\\clone.ts": {"lines":{"total":29,"covered":29,"skipped":0,"pct":100},"functions":{"total":1,"covered":1,"skipped":0,"pct":100},"statements":{"total":29,"covered":29,"skipped":0,"pct":100},"branches":{"total":13,"covered":13,"skipped":0,"pct":100}}
,"C:\\SoftwareStuff\\Projects\\funscript\\src\\collect-pending-invocations\\collect-pending-invocations-decorator.ts": {"lines":{"total":11,"covered":11,"skipped":0,"pct":100},"functions":{"total":1,"covered":1,"skipped":0,"pct":100},"statements":{"total":11,"covered":11,"skipped":0,"pct":100},"branches":{"total":1,"covered":1,"skipped":0,"pct":100}}
,"C:\\SoftwareStuff\\Projects\\funscript\\src\\collect-pending-invocations\\collect-pending-invocations.ts": {"lines":{"total":97,"covered":94,"skipped":0,"pct":96.91},"functions":{"total":7,"covered":7,"skipped":0,"pct":100},"statements":{"total":97,"covered":94,"skipped":0,"pct":96.91},"branches":{"total":19,"covered":18,"skipped":0,"pct":94.74}}
,"C:\\SoftwareStuff\\Projects\\funscript\\src\\compose\\compose.ts": {"lines":{"total":30,"covered":30,"skipped":0,"pct":100},"functions":{"total":2,"covered":2,"skipped":0,"pct":100},"statements":{"total":30,"covered":30,"skipped":0,"pct":100},"branches":{"total":7,"covered":7,"skipped":0,"pct":100}}
,"C:\\SoftwareStuff\\Projects\\funscript\\src\\domain\\primitive-types.ts": {"lines":{"total":7,"covered":7,"skipped":0,"pct":100},"functions":{"total":0,"covered":0,"skipped":0,"pct":100},"statements":{"total":7,"covered":7,"skipped":0,"pct":100},"branches":{"total":0,"covered":0,"skipped":0,"pct":100}}
,"C:\\SoftwareStuff\\Projects\\funscript\\src\\equals\\equals.ts": {"lines":{"total":71,"covered":67,"skipped":0,"pct":94.37},"functions":{"total":1,"covered":1,"skipped":0,"pct":100},"statements":{"total":71,"covered":67,"skipped":0,"pct":94.37},"branches":{"total":30,"covered":22,"skipped":0,"pct":73.33}}
,"C:\\SoftwareStuff\\Projects\\funscript\\src\\fun-ar\\fun-ar.ts": {"lines":{"total":398,"covered":351,"skipped":0,"pct":88.19},"functions":{"total":23,"covered":21,"skipped":0,"pct":91.3},"statements":{"total":398,"covered":351,"skipped":0,"pct":88.19},"branches":{"total":91,"covered":77,"skipped":0,"pct":84.62}}
,"C:\\SoftwareStuff\\Projects\\funscript\\src\\fun-obj\\fun-obj.ts": {"lines":{"total":152,"covered":123,"skipped":0,"pct":80.92},"functions":{"total":7,"covered":5,"skipped":0,"pct":71.43},"statements":{"total":152,"covered":123,"skipped":0,"pct":80.92},"branches":{"total":13,"covered":9,"skipped":0,"pct":69.23}}
,"C:\\SoftwareStuff\\Projects\\funscript\\src\\lock\\lock-decorator.ts": {"lines":{"total":13,"covered":13,"skipped":0,"pct":100},"functions":{"total":2,"covered":2,"skipped":0,"pct":100},"statements":{"total":13,"covered":13,"skipped":0,"pct":100},"branches":{"total":3,"covered":3,"skipped":0,"pct":100}}
,"C:\\SoftwareStuff\\Projects\\funscript\\src\\lock\\lock.ts": {"lines":{"total":33,"covered":33,"skipped":0,"pct":100},"functions":{"total":2,"covered":2,"skipped":0,"pct":100},"statements":{"total":33,"covered":33,"skipped":0,"pct":100},"branches":{"total":12,"covered":12,"skipped":0,"pct":100}}
,"C:\\SoftwareStuff\\Projects\\funscript\\src\\memoize\\memoize-async-decorator.ts": {"lines":{"total":17,"covered":17,"skipped":0,"pct":100},"functions":{"total":1,"covered":1,"skipped":0,"pct":100},"statements":{"total":17,"covered":17,"skipped":0,"pct":100},"branches":{"total":2,"covered":2,"skipped":0,"pct":100}}
,"C:\\SoftwareStuff\\Projects\\funscript\\src\\memoize\\memoize-async.ts": {"lines":{"total":56,"covered":56,"skipped":0,"pct":100},"functions":{"total":3,"covered":3,"skipped":0,"pct":100},"statements":{"total":56,"covered":56,"skipped":0,"pct":100},"branches":{"total":11,"covered":10,"skipped":0,"pct":90.91}}
,"C:\\SoftwareStuff\\Projects\\funscript\\src\\memoize\\memoize-decorator.ts": {"lines":{"total":13,"covered":13,"skipped":0,"pct":100},"functions":{"total":1,"covered":1,"skipped":0,"pct":100},"statements":{"total":13,"covered":13,"skipped":0,"pct":100},"branches":{"total":2,"covered":2,"skipped":0,"pct":100}}
,"C:\\SoftwareStuff\\Projects\\funscript\\src\\memoize\\memoize.ts": {"lines":{"total":53,"covered":53,"skipped":0,"pct":100},"functions":{"total":3,"covered":3,"skipped":0,"pct":100},"statements":{"total":53,"covered":53,"skipped":0,"pct":100},"branches":{"total":10,"covered":9,"skipped":0,"pct":90}}
}
