{"C:\\SoftwareStuff\\Projects\\funscript\\src\\clone\\clone-decorator.ts": {"path":"C:\\SoftwareStuff\\Projects\\funscript\\src\\clone\\clone-decorator.ts","all":false,"statementMap":{"0":{"start":{"line":1,"column":0},"end":{"line":1,"column":32}},"1":{"start":{"line":2,"column":0},"end":{"line":2,"column":0}},"2":{"start":{"line":3,"column":0},"end":{"line":3,"column":31}},"3":{"start":{"line":4,"column":0},"end":{"line":4,"column":16}},"4":{"start":{"line":5,"column":0},"end":{"line":5,"column":24}},"5":{"start":{"line":6,"column":0},"end":{"line":6,"column":34}},"6":{"start":{"line":7,"column":0},"end":{"line":7,"column":3}},"7":{"start":{"line":8,"column":0},"end":{"line":8,"column":38}},"8":{"start":{"line":9,"column":0},"end":{"line":9,"column":57}},"9":{"start":{"line":10,"column":0},"end":{"line":10,"column":51}},"10":{"start":{"line":11,"column":0},"end":{"line":11,"column":37}},"11":{"start":{"line":12,"column":0},"end":{"line":12,"column":6}},"12":{"start":{"line":13,"column":0},"end":{"line":13,"column":1}}},"s":{"0":1,"1":1,"2":1,"3":1,"4":1,"5":1,"6":1,"7":1,"8":1,"9":1,"10":1,"11":1,"12":1},"branchMap":{"0":{"type":"branch","line":3,"loc":{"start":{"line":3,"column":0},"end":{"line":13,"column":1}},"locations":[{"start":{"line":3,"column":0},"end":{"line":13,"column":1}}]},"1":{"type":"branch","line":9,"loc":{"start":{"line":9,"column":23},"end":{"line":12,"column":5}},"locations":[{"start":{"line":9,"column":23},"end":{"line":12,"column":5}}]},"2":{"type":"branch","line":10,"loc":{"start":{"line":10,"column":28},"end":{"line":10,"column":43}},"locations":[{"start":{"line":10,"column":28},"end":{"line":10,"column":43}}]}},"b":{"0":[1],"1":[1],"2":[1]},"fnMap":{"0":{"name":"CloneArguments","decl":{"start":{"line":3,"column":0},"end":{"line":13,"column":1}},"loc":{"start":{"line":3,"column":0},"end":{"line":13,"column":1}},"line":3},"1":{"name":"CloneArguments.descriptor.value","decl":{"start":{"line":9,"column":23},"end":{"line":12,"column":5}},"loc":{"start":{"line":9,"column":23},"end":{"line":12,"column":5}},"line":9}},"f":{"0":1,"1":1}}
,"C:\\SoftwareStuff\\Projects\\funscript\\src\\clone\\clone.ts": {"path":"C:\\SoftwareStuff\\Projects\\funscript\\src\\clone\\clone.ts","all":false,"statementMap":{"0":{"start":{"line":1,"column":0},"end":{"line":1,"column":60}},"1":{"start":{"line":2,"column":0},"end":{"line":2,"column":41}},"2":{"start":{"line":3,"column":0},"end":{"line":3,"column":0}},"3":{"start":{"line":4,"column":0},"end":{"line":4,"column":48}},"4":{"start":{"line":5,"column":0},"end":{"line":5,"column":67}},"5":{"start":{"line":6,"column":0},"end":{"line":6,"column":19}},"6":{"start":{"line":7,"column":0},"end":{"line":7,"column":5}},"7":{"start":{"line":8,"column":0},"end":{"line":8,"column":0}},"8":{"start":{"line":9,"column":0},"end":{"line":9,"column":16}},"9":{"start":{"line":10,"column":0},"end":{"line":10,"column":42}},"10":{"start":{"line":11,"column":0},"end":{"line":11,"column":20}},"11":{"start":{"line":12,"column":0},"end":{"line":12,"column":72}},"12":{"start":{"line":13,"column":0},"end":{"line":13,"column":5}},"13":{"start":{"line":14,"column":0},"end":{"line":14,"column":0}},"14":{"start":{"line":15,"column":0},"end":{"line":15,"column":36}},"15":{"start":{"line":16,"column":0},"end":{"line":16,"column":20}},"16":{"start":{"line":17,"column":0},"end":{"line":17,"column":26}},"17":{"start":{"line":18,"column":0},"end":{"line":18,"column":5}},"18":{"start":{"line":19,"column":0},"end":{"line":19,"column":0}},"19":{"start":{"line":20,"column":0},"end":{"line":20,"column":29}},"20":{"start":{"line":21,"column":0},"end":{"line":21,"column":62}},"21":{"start":{"line":22,"column":0},"end":{"line":22,"column":5}},"22":{"start":{"line":23,"column":0},"end":{"line":23,"column":0}},"23":{"start":{"line":24,"column":0},"end":{"line":24,"column":53}},"24":{"start":{"line":25,"column":0},"end":{"line":25,"column":20}},"25":{"start":{"line":26,"column":0},"end":{"line":26,"column":38}},"26":{"start":{"line":27,"column":0},"end":{"line":27,"column":22}},"27":{"start":{"line":28,"column":0},"end":{"line":28,"column":16}},"28":{"start":{"line":29,"column":0},"end":{"line":29,"column":2}}},"s":{"0":1,"1":1,"2":1,"3":1,"4":82,"5":56,"6":56,"7":26,"8":26,"9":82,"10":1,"11":1,"12":1,"13":25,"14":82,"15":1,"16":1,"17":1,"18":24,"19":82,"20":12,"21":12,"22":12,"23":12,"24":25,"25":25,"26":25,"27":12,"28":12},"branchMap":{"0":{"type":"branch","line":4,"loc":{"start":{"line":4,"column":29},"end":{"line":29,"column":2}},"locations":[{"start":{"line":4,"column":29},"end":{"line":29,"column":2}}]},"1":{"type":"branch","line":5,"loc":{"start":{"line":5,"column":48},"end":{"line":5,"column":64}},"locations":[{"start":{"line":5,"column":48},"end":{"line":5,"column":64}}]},"2":{"type":"branch","line":5,"loc":{"start":{"line":5,"column":66},"end":{"line":7,"column":5}},"locations":[{"start":{"line":5,"column":66},"end":{"line":7,"column":5}}]},"3":{"type":"branch","line":8,"loc":{"start":{"line":8,"column":-1},"end":{"line":10,"column":41}},"locations":[{"start":{"line":8,"column":-1},"end":{"line":10,"column":41}}]},"4":{"type":"branch","line":10,"loc":{"start":{"line":10,"column":41},"end":{"line":13,"column":5}},"locations":[{"start":{"line":10,"column":41},"end":{"line":13,"column":5}}]},"5":{"type":"branch","line":14,"loc":{"start":{"line":14,"column":-1},"end":{"line":15,"column":35}},"locations":[{"start":{"line":14,"column":-1},"end":{"line":15,"column":35}}]},"6":{"type":"branch","line":15,"loc":{"start":{"line":15,"column":35},"end":{"line":18,"column":5}},"locations":[{"start":{"line":15,"column":35},"end":{"line":18,"column":5}}]},"7":{"type":"branch","line":19,"loc":{"start":{"line":19,"column":-1},"end":{"line":20,"column":28}},"locations":[{"start":{"line":19,"column":-1},"end":{"line":20,"column":28}}]},"8":{"type":"branch","line":20,"loc":{"start":{"line":20,"column":28},"end":{"line":29,"column":2}},"locations":[{"start":{"line":20,"column":28},"end":{"line":29,"column":2}}]},"9":{"type":"branch","line":21,"loc":{"start":{"line":21,"column":23},"end":{"line":21,"column":38}},"locations":[{"start":{"line":21,"column":23},"end":{"line":21,"column":38}}]},"10":{"type":"branch","line":24,"loc":{"start":{"line":24,"column":35},"end":{"line":28,"column":5}},"locations":[{"start":{"line":24,"column":35},"end":{"line":28,"column":5}}]}},"b":{"0":[82],"1":[28],"2":[56],"3":[26],"4":[1],"5":[25],"6":[1],"7":[24],"8":[12],"9":[35],"10":[25]},"fnMap":{"0":{"name":"Clone","decl":{"start":{"line":4,"column":29},"end":{"line":29,"column":2}},"loc":{"start":{"line":4,"column":29},"end":{"line":29,"column":2}},"line":4}},"f":{"0":82}}
,"C:\\SoftwareStuff\\Projects\\funscript\\src\\compose\\compose.ts": {"path":"C:\\SoftwareStuff\\Projects\\funscript\\src\\compose\\compose.ts","all":false,"statementMap":{"0":{"start":{"line":1,"column":0},"end":{"line":1,"column":41}},"1":{"start":{"line":2,"column":0},"end":{"line":2,"column":60}},"2":{"start":{"line":3,"column":0},"end":{"line":3,"column":0}},"3":{"start":{"line":4,"column":0},"end":{"line":4,"column":205}},"4":{"start":{"line":5,"column":0},"end":{"line":5,"column":0}},"5":{"start":{"line":6,"column":0},"end":{"line":6,"column":51}},"6":{"start":{"line":7,"column":0},"end":{"line":7,"column":48}},"7":{"start":{"line":8,"column":0},"end":{"line":8,"column":23}},"8":{"start":{"line":9,"column":0},"end":{"line":9,"column":40}},"9":{"start":{"line":10,"column":0},"end":{"line":10,"column":2}},"10":{"start":{"line":11,"column":0},"end":{"line":11,"column":0}},"11":{"start":{"line":12,"column":0},"end":{"line":12,"column":230}},"12":{"start":{"line":13,"column":0},"end":{"line":13,"column":0}},"13":{"start":{"line":14,"column":0},"end":{"line":14,"column":57}},"14":{"start":{"line":15,"column":0},"end":{"line":15,"column":65}},"15":{"start":{"line":16,"column":0},"end":{"line":16,"column":23}},"16":{"start":{"line":17,"column":0},"end":{"line":17,"column":49}},"17":{"start":{"line":18,"column":0},"end":{"line":18,"column":0}},"18":{"start":{"line":19,"column":0},"end":{"line":19,"column":1}}},"s":{"0":1,"1":1,"2":1,"3":1,"4":3,"5":3,"6":3,"7":5,"8":3,"9":3,"10":1,"11":1,"12":1,"13":1,"14":1,"15":3,"16":1,"17":1,"18":1},"branchMap":{"0":{"type":"branch","line":4,"loc":{"start":{"line":4,"column":33},"end":{"line":10,"column":2}},"locations":[{"start":{"line":4,"column":33},"end":{"line":10,"column":2}}]},"1":{"type":"branch","line":4,"loc":{"start":{"line":4,"column":160},"end":{"line":10,"column":1}},"locations":[{"start":{"line":4,"column":160},"end":{"line":10,"column":1}}]},"2":{"type":"branch","line":7,"loc":{"start":{"line":7,"column":34},"end":{"line":9,"column":5}},"locations":[{"start":{"line":7,"column":34},"end":{"line":9,"column":5}}]},"3":{"type":"branch","line":12,"loc":{"start":{"line":12,"column":43},"end":{"line":19,"column":1}},"locations":[{"start":{"line":12,"column":43},"end":{"line":19,"column":1}}]},"4":{"type":"branch","line":12,"loc":{"start":{"line":12,"column":170},"end":{"line":19,"column":1}},"locations":[{"start":{"line":12,"column":170},"end":{"line":19,"column":1}}]},"5":{"type":"branch","line":14,"loc":{"start":{"line":14,"column":30},"end":{"line":14,"column":56}},"locations":[{"start":{"line":14,"column":30},"end":{"line":14,"column":56}}]},"6":{"type":"branch","line":15,"loc":{"start":{"line":15,"column":51},"end":{"line":17,"column":5}},"locations":[{"start":{"line":15,"column":51},"end":{"line":17,"column":5}}]}},"b":{"0":[3],"1":[3],"2":[5],"3":[1],"4":[1],"5":[1],"6":[3]},"fnMap":{"0":{"name":"Compose","decl":{"start":{"line":4,"column":33},"end":{"line":10,"column":2}},"loc":{"start":{"line":4,"column":33},"end":{"line":10,"column":2}},"line":4},"1":{"name":"ComposeAsync","decl":{"start":{"line":12,"column":43},"end":{"line":19,"column":1}},"loc":{"start":{"line":12,"column":43},"end":{"line":19,"column":1}},"line":12}},"f":{"0":3,"1":1}}
,"C:\\SoftwareStuff\\Projects\\funscript\\src\\domain\\primitive-types.ts": {"path":"C:\\SoftwareStuff\\Projects\\funscript\\src\\domain\\primitive-types.ts","all":false,"statementMap":{"0":{"start":{"line":1,"column":0},"end":{"line":1,"column":32}},"1":{"start":{"line":2,"column":0},"end":{"line":2,"column":16}},"2":{"start":{"line":3,"column":0},"end":{"line":3,"column":13}},"3":{"start":{"line":4,"column":0},"end":{"line":4,"column":13}},"4":{"start":{"line":5,"column":0},"end":{"line":5,"column":14}},"5":{"start":{"line":6,"column":0},"end":{"line":6,"column":13}},"6":{"start":{"line":7,"column":0},"end":{"line":7,"column":2}}},"s":{"0":1,"1":1,"2":1,"3":1,"4":1,"5":1,"6":1},"branchMap":{},"b":{},"fnMap":{},"f":{}}
,"C:\\SoftwareStuff\\Projects\\funscript\\src\\fun-ar\\fun-ar.ts": {"path":"C:\\SoftwareStuff\\Projects\\funscript\\src\\fun-ar\\fun-ar.ts","all":false,"statementMap":{"0":{"start":{"line":1,"column":0},"end":{"line":1,"column":153}},"1":{"start":{"line":2,"column":0},"end":{"line":2,"column":0}},"2":{"start":{"line":3,"column":0},"end":{"line":3,"column":3}},"3":{"start":{"line":4,"column":0},"end":{"line":4,"column":57}},"4":{"start":{"line":5,"column":0},"end":{"line":5,"column":83}},"5":{"start":{"line":6,"column":0},"end":{"line":6,"column":3}},"6":{"start":{"line":7,"column":0},"end":{"line":7,"column":30}},"7":{"start":{"line":8,"column":0},"end":{"line":8,"column":12}},"8":{"start":{"line":9,"column":0},"end":{"line":9,"column":14}},"9":{"start":{"line":10,"column":0},"end":{"line":10,"column":15}},"10":{"start":{"line":11,"column":0},"end":{"line":11,"column":110}},"11":{"start":{"line":12,"column":0},"end":{"line":12,"column":28}},"12":{"start":{"line":13,"column":0},"end":{"line":13,"column":31}},"13":{"start":{"line":14,"column":0},"end":{"line":14,"column":30}},"14":{"start":{"line":15,"column":0},"end":{"line":15,"column":37}},"15":{"start":{"line":16,"column":0},"end":{"line":16,"column":15}},"16":{"start":{"line":17,"column":0},"end":{"line":17,"column":114}},"17":{"start":{"line":18,"column":0},"end":{"line":18,"column":50}},"18":{"start":{"line":19,"column":0},"end":{"line":19,"column":48}},"19":{"start":{"line":20,"column":0},"end":{"line":20,"column":57}},"20":{"start":{"line":21,"column":0},"end":{"line":21,"column":81}},"21":{"start":{"line":22,"column":0},"end":{"line":22,"column":28}},"22":{"start":{"line":23,"column":0},"end":{"line":23,"column":72}},"23":{"start":{"line":24,"column":0},"end":{"line":24,"column":21}},"24":{"start":{"line":25,"column":0},"end":{"line":25,"column":19}},"25":{"start":{"line":26,"column":0},"end":{"line":26,"column":50}},"26":{"start":{"line":27,"column":0},"end":{"line":27,"column":14}},"27":{"start":{"line":28,"column":0},"end":{"line":28,"column":15}},"28":{"start":{"line":29,"column":0},"end":{"line":29,"column":114}},"29":{"start":{"line":30,"column":0},"end":{"line":30,"column":28}},"30":{"start":{"line":31,"column":0},"end":{"line":31,"column":31}},"31":{"start":{"line":32,"column":0},"end":{"line":32,"column":30}},"32":{"start":{"line":33,"column":0},"end":{"line":33,"column":46}},"33":{"start":{"line":34,"column":0},"end":{"line":34,"column":15}},"34":{"start":{"line":35,"column":0},"end":{"line":35,"column":117}},"35":{"start":{"line":36,"column":0},"end":{"line":36,"column":52}},"36":{"start":{"line":37,"column":0},"end":{"line":37,"column":34}},"37":{"start":{"line":38,"column":0},"end":{"line":38,"column":66}},"38":{"start":{"line":39,"column":0},"end":{"line":39,"column":57}},"39":{"start":{"line":40,"column":0},"end":{"line":40,"column":83}},"40":{"start":{"line":41,"column":0},"end":{"line":41,"column":28}},"41":{"start":{"line":42,"column":0},"end":{"line":42,"column":67}},"42":{"start":{"line":43,"column":0},"end":{"line":43,"column":21}},"43":{"start":{"line":44,"column":0},"end":{"line":44,"column":32}},"44":{"start":{"line":45,"column":0},"end":{"line":45,"column":43}},"45":{"start":{"line":46,"column":0},"end":{"line":46,"column":21}},"46":{"start":{"line":47,"column":0},"end":{"line":47,"column":17}},"47":{"start":{"line":48,"column":0},"end":{"line":48,"column":31}},"48":{"start":{"line":49,"column":0},"end":{"line":49,"column":14}},"49":{"start":{"line":50,"column":0},"end":{"line":50,"column":15}},"50":{"start":{"line":51,"column":0},"end":{"line":51,"column":111}},"51":{"start":{"line":52,"column":0},"end":{"line":52,"column":28}},"52":{"start":{"line":53,"column":0},"end":{"line":53,"column":31}},"53":{"start":{"line":54,"column":0},"end":{"line":54,"column":30}},"54":{"start":{"line":55,"column":0},"end":{"line":55,"column":36}},"55":{"start":{"line":56,"column":0},"end":{"line":56,"column":15}},"56":{"start":{"line":57,"column":0},"end":{"line":57,"column":105}},"57":{"start":{"line":58,"column":0},"end":{"line":58,"column":38}},"58":{"start":{"line":59,"column":0},"end":{"line":59,"column":56}},"59":{"start":{"line":60,"column":0},"end":{"line":60,"column":42}},"60":{"start":{"line":61,"column":0},"end":{"line":61,"column":38}},"61":{"start":{"line":62,"column":0},"end":{"line":62,"column":57}},"62":{"start":{"line":63,"column":0},"end":{"line":63,"column":84}},"63":{"start":{"line":64,"column":0},"end":{"line":64,"column":28}},"64":{"start":{"line":65,"column":0},"end":{"line":65,"column":68}},"65":{"start":{"line":66,"column":0},"end":{"line":66,"column":21}},"66":{"start":{"line":67,"column":0},"end":{"line":67,"column":43}},"67":{"start":{"line":68,"column":0},"end":{"line":68,"column":17}},"68":{"start":{"line":69,"column":0},"end":{"line":69,"column":29}},"69":{"start":{"line":70,"column":0},"end":{"line":70,"column":14}},"70":{"start":{"line":71,"column":0},"end":{"line":71,"column":15}},"71":{"start":{"line":72,"column":0},"end":{"line":72,"column":114}},"72":{"start":{"line":73,"column":0},"end":{"line":73,"column":28}},"73":{"start":{"line":74,"column":0},"end":{"line":74,"column":31}},"74":{"start":{"line":75,"column":0},"end":{"line":75,"column":30}},"75":{"start":{"line":76,"column":0},"end":{"line":76,"column":36}},"76":{"start":{"line":77,"column":0},"end":{"line":77,"column":15}},"77":{"start":{"line":78,"column":0},"end":{"line":78,"column":111}},"78":{"start":{"line":79,"column":0},"end":{"line":79,"column":38}},"79":{"start":{"line":80,"column":0},"end":{"line":80,"column":56}},"80":{"start":{"line":81,"column":0},"end":{"line":81,"column":42}},"81":{"start":{"line":82,"column":0},"end":{"line":82,"column":34}},"82":{"start":{"line":83,"column":0},"end":{"line":83,"column":34}},"83":{"start":{"line":84,"column":0},"end":{"line":84,"column":83}},"84":{"start":{"line":85,"column":0},"end":{"line":85,"column":28}},"85":{"start":{"line":86,"column":0},"end":{"line":86,"column":67}},"86":{"start":{"line":87,"column":0},"end":{"line":87,"column":21}},"87":{"start":{"line":88,"column":0},"end":{"line":88,"column":36}},"88":{"start":{"line":89,"column":0},"end":{"line":89,"column":41}},"89":{"start":{"line":90,"column":0},"end":{"line":90,"column":21}},"90":{"start":{"line":91,"column":0},"end":{"line":91,"column":17}},"91":{"start":{"line":92,"column":0},"end":{"line":92,"column":29}},"92":{"start":{"line":93,"column":0},"end":{"line":93,"column":14}},"93":{"start":{"line":94,"column":0},"end":{"line":94,"column":15}},"94":{"start":{"line":95,"column":0},"end":{"line":95,"column":82}},"95":{"start":{"line":96,"column":0},"end":{"line":96,"column":28}},"96":{"start":{"line":97,"column":0},"end":{"line":97,"column":31}},"97":{"start":{"line":98,"column":0},"end":{"line":98,"column":35}},"98":{"start":{"line":99,"column":0},"end":{"line":99,"column":34}},"99":{"start":{"line":100,"column":0},"end":{"line":100,"column":15}},"100":{"start":{"line":101,"column":0},"end":{"line":101,"column":118}},"101":{"start":{"line":102,"column":0},"end":{"line":102,"column":44}},"102":{"start":{"line":103,"column":0},"end":{"line":103,"column":35}},"103":{"start":{"line":104,"column":0},"end":{"line":104,"column":58}},"104":{"start":{"line":105,"column":0},"end":{"line":105,"column":41}},"105":{"start":{"line":106,"column":0},"end":{"line":106,"column":35}},"106":{"start":{"line":107,"column":0},"end":{"line":107,"column":17}},"107":{"start":{"line":108,"column":0},"end":{"line":108,"column":16}},"108":{"start":{"line":109,"column":0},"end":{"line":109,"column":61}},"109":{"start":{"line":110,"column":0},"end":{"line":110,"column":42}},"110":{"start":{"line":111,"column":0},"end":{"line":111,"column":71}},"111":{"start":{"line":112,"column":0},"end":{"line":112,"column":17}},"112":{"start":{"line":113,"column":0},"end":{"line":113,"column":0}},"113":{"start":{"line":114,"column":0},"end":{"line":114,"column":34}},"114":{"start":{"line":115,"column":0},"end":{"line":115,"column":13}},"115":{"start":{"line":116,"column":0},"end":{"line":116,"column":10}},"116":{"start":{"line":117,"column":0},"end":{"line":117,"column":19}},"117":{"start":{"line":118,"column":0},"end":{"line":118,"column":15}},"118":{"start":{"line":119,"column":0},"end":{"line":119,"column":86}},"119":{"start":{"line":120,"column":0},"end":{"line":120,"column":28}},"120":{"start":{"line":121,"column":0},"end":{"line":121,"column":31}},"121":{"start":{"line":122,"column":0},"end":{"line":122,"column":30}},"122":{"start":{"line":123,"column":0},"end":{"line":123,"column":37}},"123":{"start":{"line":124,"column":0},"end":{"line":124,"column":15}},"124":{"start":{"line":125,"column":0},"end":{"line":125,"column":114}},"125":{"start":{"line":126,"column":0},"end":{"line":126,"column":52}},"126":{"start":{"line":127,"column":0},"end":{"line":127,"column":0}},"127":{"start":{"line":128,"column":0},"end":{"line":128,"column":48}},"128":{"start":{"line":129,"column":0},"end":{"line":129,"column":57}},"129":{"start":{"line":130,"column":0},"end":{"line":130,"column":52}},"130":{"start":{"line":131,"column":0},"end":{"line":131,"column":79}},"131":{"start":{"line":132,"column":0},"end":{"line":132,"column":30}},"132":{"start":{"line":133,"column":0},"end":{"line":133,"column":28}},"133":{"start":{"line":134,"column":0},"end":{"line":134,"column":52}},"134":{"start":{"line":135,"column":0},"end":{"line":135,"column":64}},"135":{"start":{"line":136,"column":0},"end":{"line":136,"column":30}},"136":{"start":{"line":137,"column":0},"end":{"line":137,"column":21}},"137":{"start":{"line":138,"column":0},"end":{"line":138,"column":19}},"138":{"start":{"line":139,"column":0},"end":{"line":139,"column":0}},"139":{"start":{"line":140,"column":0},"end":{"line":140,"column":64}},"140":{"start":{"line":141,"column":0},"end":{"line":141,"column":14}},"141":{"start":{"line":142,"column":0},"end":{"line":142,"column":15}},"142":{"start":{"line":143,"column":0},"end":{"line":143,"column":105}},"143":{"start":{"line":144,"column":0},"end":{"line":144,"column":28}},"144":{"start":{"line":145,"column":0},"end":{"line":145,"column":31}},"145":{"start":{"line":146,"column":0},"end":{"line":146,"column":30}},"146":{"start":{"line":147,"column":0},"end":{"line":147,"column":36}},"147":{"start":{"line":148,"column":0},"end":{"line":148,"column":15}},"148":{"start":{"line":149,"column":0},"end":{"line":149,"column":105}},"149":{"start":{"line":150,"column":0},"end":{"line":150,"column":62}},"150":{"start":{"line":151,"column":0},"end":{"line":151,"column":52}},"151":{"start":{"line":152,"column":0},"end":{"line":152,"column":0}},"152":{"start":{"line":153,"column":0},"end":{"line":153,"column":48}},"153":{"start":{"line":154,"column":0},"end":{"line":154,"column":57}},"154":{"start":{"line":155,"column":0},"end":{"line":155,"column":52}},"155":{"start":{"line":156,"column":0},"end":{"line":156,"column":96}},"156":{"start":{"line":157,"column":0},"end":{"line":157,"column":52}},"157":{"start":{"line":158,"column":0},"end":{"line":158,"column":30}},"158":{"start":{"line":159,"column":0},"end":{"line":159,"column":28}},"159":{"start":{"line":160,"column":0},"end":{"line":160,"column":52}},"160":{"start":{"line":161,"column":0},"end":{"line":161,"column":80}},"161":{"start":{"line":162,"column":0},"end":{"line":162,"column":52}},"162":{"start":{"line":163,"column":0},"end":{"line":163,"column":30}},"163":{"start":{"line":164,"column":0},"end":{"line":164,"column":21}},"164":{"start":{"line":165,"column":0},"end":{"line":165,"column":19}},"165":{"start":{"line":166,"column":0},"end":{"line":166,"column":0}},"166":{"start":{"line":167,"column":0},"end":{"line":167,"column":63}},"167":{"start":{"line":168,"column":0},"end":{"line":168,"column":14}},"168":{"start":{"line":169,"column":0},"end":{"line":169,"column":15}},"169":{"start":{"line":170,"column":0},"end":{"line":170,"column":108}},"170":{"start":{"line":171,"column":0},"end":{"line":171,"column":28}},"171":{"start":{"line":172,"column":0},"end":{"line":172,"column":31}},"172":{"start":{"line":173,"column":0},"end":{"line":173,"column":30}},"173":{"start":{"line":174,"column":0},"end":{"line":174,"column":36}},"174":{"start":{"line":175,"column":0},"end":{"line":175,"column":15}},"175":{"start":{"line":176,"column":0},"end":{"line":176,"column":111}},"176":{"start":{"line":177,"column":0},"end":{"line":177,"column":51}},"177":{"start":{"line":178,"column":0},"end":{"line":178,"column":52}},"178":{"start":{"line":179,"column":0},"end":{"line":179,"column":0}},"179":{"start":{"line":180,"column":0},"end":{"line":180,"column":48}},"180":{"start":{"line":181,"column":0},"end":{"line":181,"column":57}},"181":{"start":{"line":182,"column":0},"end":{"line":182,"column":52}},"182":{"start":{"line":183,"column":0},"end":{"line":183,"column":96}},"183":{"start":{"line":184,"column":0},"end":{"line":184,"column":43}},"184":{"start":{"line":185,"column":0},"end":{"line":185,"column":58}},"185":{"start":{"line":186,"column":0},"end":{"line":186,"column":29}},"186":{"start":{"line":187,"column":0},"end":{"line":187,"column":30}},"187":{"start":{"line":188,"column":0},"end":{"line":188,"column":28}},"188":{"start":{"line":189,"column":0},"end":{"line":189,"column":52}},"189":{"start":{"line":190,"column":0},"end":{"line":190,"column":80}},"190":{"start":{"line":191,"column":0},"end":{"line":191,"column":43}},"191":{"start":{"line":192,"column":0},"end":{"line":192,"column":58}},"192":{"start":{"line":193,"column":0},"end":{"line":193,"column":29}},"193":{"start":{"line":194,"column":0},"end":{"line":194,"column":30}},"194":{"start":{"line":195,"column":0},"end":{"line":195,"column":21}},"195":{"start":{"line":196,"column":0},"end":{"line":196,"column":19}},"196":{"start":{"line":197,"column":0},"end":{"line":197,"column":0}},"197":{"start":{"line":198,"column":0},"end":{"line":198,"column":44}},"198":{"start":{"line":199,"column":0},"end":{"line":199,"column":81}},"199":{"start":{"line":200,"column":0},"end":{"line":200,"column":13}},"200":{"start":{"line":201,"column":0},"end":{"line":201,"column":9}},"201":{"start":{"line":202,"column":0},"end":{"line":202,"column":5}},"202":{"start":{"line":203,"column":0},"end":{"line":203,"column":1}}},"s":{"0":1,"1":1,"2":1,"3":1,"4":1,"5":1,"6":1,"7":1,"8":1,"9":1,"10":1,"11":1,"12":1,"13":1,"14":1,"15":1,"16":1,"17":1,"18":1,"19":5,"20":0,"21":5,"22":5,"23":5,"24":1,"25":1,"26":1,"27":1,"28":1,"29":1,"30":1,"31":1,"32":1,"33":1,"34":1,"35":1,"36":1,"37":1,"38":1,"39":0,"40":1,"41":1,"42":1,"43":1,"44":1,"45":1,"46":1,"47":1,"48":1,"49":1,"50":1,"51":1,"52":1,"53":1,"54":1,"55":1,"56":1,"57":1,"58":1,"59":5,"60":5,"61":1,"62":0,"63":1,"64":1,"65":1,"66":1,"67":1,"68":1,"69":1,"70":1,"71":1,"72":1,"73":1,"74":1,"75":1,"76":1,"77":1,"78":1,"79":1,"80":9,"81":9,"82":1,"83":0,"84":1,"85":1,"86":1,"87":1,"88":4,"89":4,"90":1,"91":1,"92":1,"93":1,"94":1,"95":1,"96":1,"97":1,"98":1,"99":1,"100":1,"101":2,"102":2,"103":2,"104":1,"105":1,"106":1,"107":2,"108":2,"109":11,"110":11,"111":2,"112":2,"113":2,"114":2,"115":1,"116":1,"117":1,"118":1,"119":1,"120":1,"121":1,"122":1,"123":1,"124":1,"125":1,"126":1,"127":1,"128":5,"129":0,"130":0,"131":0,"132":5,"133":5,"134":5,"135":5,"136":5,"137":1,"138":1,"139":1,"140":1,"141":1,"142":1,"143":1,"144":1,"145":1,"146":1,"147":1,"148":1,"149":1,"150":1,"151":1,"152":1,"153":5,"154":0,"155":0,"156":0,"157":0,"158":5,"159":5,"160":5,"161":5,"162":5,"163":5,"164":1,"165":1,"166":1,"167":1,"168":1,"169":1,"170":1,"171":1,"172":1,"173":1,"174":1,"175":1,"176":1,"177":1,"178":1,"179":1,"180":9,"181":0,"182":0,"183":0,"184":0,"185":0,"186":0,"187":9,"188":9,"189":9,"190":9,"191":4,"192":4,"193":9,"194":9,"195":1,"196":1,"197":1,"198":1,"199":1,"200":1,"201":1,"202":1},"branchMap":{"0":{"type":"branch","line":17,"loc":{"start":{"line":17,"column":21},"end":{"line":27,"column":14}},"locations":[{"start":{"line":17,"column":21},"end":{"line":27,"column":14}}]},"1":{"type":"branch","line":17,"loc":{"start":{"line":17,"column":93},"end":{"line":27,"column":14}},"locations":[{"start":{"line":17,"column":93},"end":{"line":27,"column":14}}]},"2":{"type":"branch","line":19,"loc":{"start":{"line":19,"column":30},"end":{"line":25,"column":17}},"locations":[{"start":{"line":19,"column":30},"end":{"line":25,"column":17}}]},"3":{"type":"branch","line":20,"loc":{"start":{"line":20,"column":56},"end":{"line":22,"column":27}},"locations":[{"start":{"line":20,"column":56},"end":{"line":22,"column":27}}]},"4":{"type":"branch","line":23,"loc":{"start":{"line":23,"column":37},"end":{"line":23,"column":51}},"locations":[{"start":{"line":23,"column":37},"end":{"line":23,"column":51}}]},"5":{"type":"branch","line":26,"loc":{"start":{"line":26,"column":36},"end":{"line":26,"column":47}},"locations":[{"start":{"line":26,"column":36},"end":{"line":26,"column":47}}]},"6":{"type":"branch","line":35,"loc":{"start":{"line":35,"column":18},"end":{"line":49,"column":14}},"locations":[{"start":{"line":35,"column":18},"end":{"line":49,"column":14}}]},"7":{"type":"branch","line":35,"loc":{"start":{"line":35,"column":87},"end":{"line":49,"column":14}},"locations":[{"start":{"line":35,"column":87},"end":{"line":49,"column":14}}]},"8":{"type":"branch","line":38,"loc":{"start":{"line":38,"column":38},"end":{"line":38,"column":58}},"locations":[{"start":{"line":38,"column":38},"end":{"line":38,"column":58}}]},"9":{"type":"branch","line":38,"loc":{"start":{"line":38,"column":58},"end":{"line":38,"column":60}},"locations":[{"start":{"line":38,"column":58},"end":{"line":38,"column":60}}]},"10":{"type":"branch","line":38,"loc":{"start":{"line":38,"column":58},"end":{"line":39,"column":31}},"locations":[{"start":{"line":38,"column":58},"end":{"line":39,"column":31}}]},"11":{"type":"branch","line":39,"loc":{"start":{"line":39,"column":54},"end":{"line":40,"column":83}},"locations":[{"start":{"line":39,"column":54},"end":{"line":40,"column":83}}]},"12":{"type":"branch","line":42,"loc":{"start":{"line":42,"column":32},"end":{"line":42,"column":67}},"locations":[{"start":{"line":42,"column":32},"end":{"line":42,"column":67}}]},"13":{"type":"branch","line":44,"loc":{"start":{"line":44,"column":31},"end":{"line":46,"column":21}},"locations":[{"start":{"line":44,"column":31},"end":{"line":46,"column":21}}]},"14":{"type":"branch","line":48,"loc":{"start":{"line":48,"column":16},"end":{"line":48,"column":31}},"locations":[{"start":{"line":48,"column":16},"end":{"line":48,"column":31}}]},"15":{"type":"branch","line":57,"loc":{"start":{"line":57,"column":17},"end":{"line":70,"column":14}},"locations":[{"start":{"line":57,"column":17},"end":{"line":70,"column":14}}]},"16":{"type":"branch","line":57,"loc":{"start":{"line":57,"column":85},"end":{"line":70,"column":14}},"locations":[{"start":{"line":57,"column":85},"end":{"line":70,"column":14}}]},"17":{"type":"branch","line":59,"loc":{"start":{"line":59,"column":48},"end":{"line":59,"column":50}},"locations":[{"start":{"line":59,"column":48},"end":{"line":59,"column":50}}]},"18":{"type":"branch","line":59,"loc":{"start":{"line":59,"column":48},"end":{"line":62,"column":31}},"locations":[{"start":{"line":59,"column":48},"end":{"line":62,"column":31}}]},"19":{"type":"branch","line":62,"loc":{"start":{"line":62,"column":54},"end":{"line":63,"column":84}},"locations":[{"start":{"line":62,"column":54},"end":{"line":63,"column":84}}]},"20":{"type":"branch","line":65,"loc":{"start":{"line":65,"column":37},"end":{"line":65,"column":68}},"locations":[{"start":{"line":65,"column":37},"end":{"line":65,"column":68}}]},"21":{"type":"branch","line":69,"loc":{"start":{"line":69,"column":16},"end":{"line":69,"column":29}},"locations":[{"start":{"line":69,"column":16},"end":{"line":69,"column":29}}]},"22":{"type":"branch","line":78,"loc":{"start":{"line":78,"column":20},"end":{"line":93,"column":14}},"locations":[{"start":{"line":78,"column":20},"end":{"line":93,"column":14}}]},"23":{"type":"branch","line":78,"loc":{"start":{"line":78,"column":91},"end":{"line":93,"column":14}},"locations":[{"start":{"line":78,"column":91},"end":{"line":93,"column":14}}]},"24":{"type":"branch","line":80,"loc":{"start":{"line":80,"column":48},"end":{"line":80,"column":50}},"locations":[{"start":{"line":80,"column":48},"end":{"line":80,"column":50}}]},"25":{"type":"branch","line":80,"loc":{"start":{"line":80,"column":48},"end":{"line":83,"column":31}},"locations":[{"start":{"line":80,"column":48},"end":{"line":83,"column":31}}]},"26":{"type":"branch","line":83,"loc":{"start":{"line":83,"column":31},"end":{"line":84,"column":83}},"locations":[{"start":{"line":83,"column":31},"end":{"line":84,"column":83}}]},"27":{"type":"branch","line":86,"loc":{"start":{"line":86,"column":36},"end":{"line":86,"column":67}},"locations":[{"start":{"line":86,"column":36},"end":{"line":86,"column":67}}]},"28":{"type":"branch","line":88,"loc":{"start":{"line":88,"column":35},"end":{"line":90,"column":21}},"locations":[{"start":{"line":88,"column":35},"end":{"line":90,"column":21}}]},"29":{"type":"branch","line":92,"loc":{"start":{"line":92,"column":16},"end":{"line":92,"column":29}},"locations":[{"start":{"line":92,"column":16},"end":{"line":92,"column":29}}]},"30":{"type":"branch","line":101,"loc":{"start":{"line":101,"column":20},"end":{"line":115,"column":13}},"locations":[{"start":{"line":101,"column":20},"end":{"line":115,"column":13}}]},"31":{"type":"branch","line":101,"loc":{"start":{"line":101,"column":100},"end":{"line":115,"column":13}},"locations":[{"start":{"line":101,"column":100},"end":{"line":115,"column":13}}]},"32":{"type":"branch","line":104,"loc":{"start":{"line":104,"column":57},"end":{"line":107,"column":17}},"locations":[{"start":{"line":104,"column":57},"end":{"line":107,"column":17}}]},"33":{"type":"branch","line":109,"loc":{"start":{"line":109,"column":53},"end":{"line":109,"column":55}},"locations":[{"start":{"line":109,"column":53},"end":{"line":109,"column":55}}]},"34":{"type":"branch","line":109,"loc":{"start":{"line":109,"column":53},"end":{"line":111,"column":71}},"locations":[{"start":{"line":109,"column":53},"end":{"line":111,"column":71}}]},"35":{"type":"branch","line":114,"loc":{"start":{"line":114,"column":16},"end":{"line":114,"column":34}},"locations":[{"start":{"line":114,"column":16},"end":{"line":114,"column":34}}]},"36":{"type":"branch","line":125,"loc":{"start":{"line":125,"column":21},"end":{"line":141,"column":14}},"locations":[{"start":{"line":125,"column":21},"end":{"line":141,"column":14}}]},"37":{"type":"branch","line":125,"loc":{"start":{"line":125,"column":93},"end":{"line":141,"column":14}},"locations":[{"start":{"line":125,"column":93},"end":{"line":141,"column":14}}]},"38":{"type":"branch","line":128,"loc":{"start":{"line":128,"column":30},"end":{"line":138,"column":17}},"locations":[{"start":{"line":128,"column":30},"end":{"line":138,"column":17}}]},"39":{"type":"branch","line":129,"loc":{"start":{"line":129,"column":56},"end":{"line":133,"column":27}},"locations":[{"start":{"line":129,"column":56},"end":{"line":133,"column":27}}]},"40":{"type":"branch","line":130,"loc":{"start":{"line":130,"column":39},"end":{"line":132,"column":26}},"locations":[{"start":{"line":130,"column":39},"end":{"line":132,"column":26}}]},"41":{"type":"branch","line":134,"loc":{"start":{"line":134,"column":39},"end":{"line":136,"column":26}},"locations":[{"start":{"line":134,"column":39},"end":{"line":136,"column":26}}]},"42":{"type":"branch","line":134,"loc":{"start":{"line":134,"column":39},"end":{"line":136,"column":26}},"locations":[{"start":{"line":134,"column":39},"end":{"line":136,"column":26}}]},"43":{"type":"branch","line":140,"loc":{"start":{"line":140,"column":50},"end":{"line":140,"column":61}},"locations":[{"start":{"line":140,"column":50},"end":{"line":140,"column":61}}]},"44":{"type":"branch","line":149,"loc":{"start":{"line":149,"column":17},"end":{"line":168,"column":14}},"locations":[{"start":{"line":149,"column":17},"end":{"line":168,"column":14}}]},"45":{"type":"branch","line":149,"loc":{"start":{"line":149,"column":85},"end":{"line":168,"column":14}},"locations":[{"start":{"line":149,"column":85},"end":{"line":168,"column":14}}]},"46":{"type":"branch","line":153,"loc":{"start":{"line":153,"column":30},"end":{"line":165,"column":17}},"locations":[{"start":{"line":153,"column":30},"end":{"line":165,"column":17}}]},"47":{"type":"branch","line":154,"loc":{"start":{"line":154,"column":56},"end":{"line":159,"column":27}},"locations":[{"start":{"line":154,"column":56},"end":{"line":159,"column":27}}]},"48":{"type":"branch","line":155,"loc":{"start":{"line":155,"column":39},"end":{"line":158,"column":26}},"locations":[{"start":{"line":155,"column":39},"end":{"line":158,"column":26}}]},"49":{"type":"branch","line":160,"loc":{"start":{"line":160,"column":39},"end":{"line":163,"column":26}},"locations":[{"start":{"line":160,"column":39},"end":{"line":163,"column":26}}]},"50":{"type":"branch","line":160,"loc":{"start":{"line":160,"column":39},"end":{"line":163,"column":26}},"locations":[{"start":{"line":160,"column":39},"end":{"line":163,"column":26}}]},"51":{"type":"branch","line":161,"loc":{"start":{"line":161,"column":45},"end":{"line":161,"column":80}},"locations":[{"start":{"line":161,"column":45},"end":{"line":161,"column":80}}]},"52":{"type":"branch","line":167,"loc":{"start":{"line":167,"column":50},"end":{"line":167,"column":61}},"locations":[{"start":{"line":167,"column":50},"end":{"line":167,"column":61}}]},"53":{"type":"branch","line":176,"loc":{"start":{"line":176,"column":20},"end":{"line":200,"column":13}},"locations":[{"start":{"line":176,"column":20},"end":{"line":200,"column":13}}]},"54":{"type":"branch","line":176,"loc":{"start":{"line":176,"column":91},"end":{"line":200,"column":13}},"locations":[{"start":{"line":176,"column":91},"end":{"line":200,"column":13}}]},"55":{"type":"branch","line":180,"loc":{"start":{"line":180,"column":30},"end":{"line":196,"column":17}},"locations":[{"start":{"line":180,"column":30},"end":{"line":196,"column":17}}]},"56":{"type":"branch","line":181,"loc":{"start":{"line":181,"column":56},"end":{"line":188,"column":27}},"locations":[{"start":{"line":181,"column":56},"end":{"line":188,"column":27}}]},"57":{"type":"branch","line":182,"loc":{"start":{"line":182,"column":39},"end":{"line":187,"column":26}},"locations":[{"start":{"line":182,"column":39},"end":{"line":187,"column":26}}]},"58":{"type":"branch","line":189,"loc":{"start":{"line":189,"column":39},"end":{"line":194,"column":26}},"locations":[{"start":{"line":189,"column":39},"end":{"line":194,"column":26}}]},"59":{"type":"branch","line":189,"loc":{"start":{"line":189,"column":39},"end":{"line":194,"column":26}},"locations":[{"start":{"line":189,"column":39},"end":{"line":194,"column":26}}]},"60":{"type":"branch","line":190,"loc":{"start":{"line":190,"column":45},"end":{"line":190,"column":80}},"locations":[{"start":{"line":190,"column":45},"end":{"line":190,"column":80}}]},"61":{"type":"branch","line":191,"loc":{"start":{"line":191,"column":42},"end":{"line":193,"column":29}},"locations":[{"start":{"line":191,"column":42},"end":{"line":193,"column":29}}]},"62":{"type":"branch","line":199,"loc":{"start":{"line":199,"column":48},"end":{"line":199,"column":67}},"locations":[{"start":{"line":199,"column":48},"end":{"line":199,"column":67}}]}},"b":{"0":[1],"1":[1],"2":[5],"3":[0],"4":[5],"5":[1],"6":[1],"7":[1],"8":[5],"9":[1],"10":[5],"11":[0],"12":[5],"13":[1],"14":[1],"15":[1],"16":[1],"17":[1],"18":[5],"19":[0],"20":[5],"21":[1],"22":[1],"23":[1],"24":[1],"25":[9],"26":[0],"27":[9],"28":[4],"29":[1],"30":[2],"31":[2],"32":[1],"33":[2],"34":[11],"35":[2],"36":[1],"37":[1],"38":[5],"39":[0],"40":[0],"41":[5],"42":[5],"43":[1],"44":[1],"45":[1],"46":[5],"47":[0],"48":[0],"49":[5],"50":[5],"51":[5],"52":[1],"53":[1],"54":[1],"55":[9],"56":[0],"57":[0],"58":[9],"59":[9],"60":[9],"61":[4],"62":[4]},"fnMap":{"0":{"name":"forEach","decl":{"start":{"line":17,"column":21},"end":{"line":27,"column":14}},"loc":{"start":{"line":17,"column":21},"end":{"line":27,"column":14}},"line":17},"1":{"name":"find","decl":{"start":{"line":35,"column":18},"end":{"line":49,"column":14}},"loc":{"start":{"line":35,"column":18},"end":{"line":49,"column":14}},"line":35},"2":{"name":"map","decl":{"start":{"line":57,"column":17},"end":{"line":70,"column":14}},"loc":{"start":{"line":57,"column":17},"end":{"line":70,"column":14}},"line":57},"3":{"name":"filter","decl":{"start":{"line":78,"column":20},"end":{"line":93,"column":14}},"loc":{"start":{"line":78,"column":20},"end":{"line":93,"column":14}},"line":78},"4":{"name":"reduce","decl":{"start":{"line":101,"column":20},"end":{"line":115,"column":13}},"loc":{"start":{"line":101,"column":20},"end":{"line":115,"column":13}},"line":101},"5":{"name":"forEach","decl":{"start":{"line":125,"column":21},"end":{"line":141,"column":14}},"loc":{"start":{"line":125,"column":21},"end":{"line":141,"column":14}},"line":125},"6":{"name":"map","decl":{"start":{"line":149,"column":17},"end":{"line":168,"column":14}},"loc":{"start":{"line":149,"column":17},"end":{"line":168,"column":14}},"line":149},"7":{"name":"filter","decl":{"start":{"line":176,"column":20},"end":{"line":200,"column":13}},"loc":{"start":{"line":176,"column":20},"end":{"line":200,"column":13}},"line":176}},"f":{"0":1,"1":1,"2":1,"3":1,"4":2,"5":1,"6":1,"7":1}}
,"C:\\SoftwareStuff\\Projects\\funscript\\src\\lock\\lock-decorator.ts": {"path":"C:\\SoftwareStuff\\Projects\\funscript\\src\\lock\\lock-decorator.ts","all":false,"statementMap":{"0":{"start":{"line":1,"column":0},"end":{"line":1,"column":30}},"1":{"start":{"line":2,"column":0},"end":{"line":2,"column":0}},"2":{"start":{"line":3,"column":0},"end":{"line":3,"column":30}},"3":{"start":{"line":4,"column":0},"end":{"line":4,"column":16}},"4":{"start":{"line":5,"column":0},"end":{"line":5,"column":24}},"5":{"start":{"line":6,"column":0},"end":{"line":6,"column":34}},"6":{"start":{"line":7,"column":0},"end":{"line":7,"column":3}},"7":{"start":{"line":8,"column":0},"end":{"line":8,"column":38}},"8":{"start":{"line":9,"column":0},"end":{"line":9,"column":57}},"9":{"start":{"line":10,"column":0},"end":{"line":10,"column":50}},"10":{"start":{"line":11,"column":0},"end":{"line":11,"column":37}},"11":{"start":{"line":12,"column":0},"end":{"line":12,"column":6}},"12":{"start":{"line":13,"column":0},"end":{"line":13,"column":1}}},"s":{"0":1,"1":1,"2":1,"3":1,"4":1,"5":1,"6":1,"7":1,"8":1,"9":1,"10":1,"11":1,"12":1},"branchMap":{"0":{"type":"branch","line":3,"loc":{"start":{"line":3,"column":0},"end":{"line":13,"column":1}},"locations":[{"start":{"line":3,"column":0},"end":{"line":13,"column":1}}]},"1":{"type":"branch","line":9,"loc":{"start":{"line":9,"column":23},"end":{"line":12,"column":5}},"locations":[{"start":{"line":9,"column":23},"end":{"line":12,"column":5}}]},"2":{"type":"branch","line":10,"loc":{"start":{"line":10,"column":28},"end":{"line":10,"column":42}},"locations":[{"start":{"line":10,"column":28},"end":{"line":10,"column":42}}]}},"b":{"0":[1],"1":[1],"2":[1]},"fnMap":{"0":{"name":"LockArguments","decl":{"start":{"line":3,"column":0},"end":{"line":13,"column":1}},"loc":{"start":{"line":3,"column":0},"end":{"line":13,"column":1}},"line":3},"1":{"name":"LockArguments.descriptor.value","decl":{"start":{"line":9,"column":23},"end":{"line":12,"column":5}},"loc":{"start":{"line":9,"column":23},"end":{"line":12,"column":5}},"line":9}},"f":{"0":1,"1":1}}
,"C:\\SoftwareStuff\\Projects\\funscript\\src\\lock\\lock.ts": {"path":"C:\\SoftwareStuff\\Projects\\funscript\\src\\lock\\lock.ts","all":false,"statementMap":{"0":{"start":{"line":1,"column":0},"end":{"line":1,"column":39}},"1":{"start":{"line":2,"column":0},"end":{"line":2,"column":60}},"2":{"start":{"line":3,"column":0},"end":{"line":3,"column":39}},"3":{"start":{"line":4,"column":0},"end":{"line":4,"column":0}},"4":{"start":{"line":5,"column":0},"end":{"line":5,"column":3}},"5":{"start":{"line":6,"column":0},"end":{"line":6,"column":55}},"6":{"start":{"line":7,"column":0},"end":{"line":7,"column":17}},"7":{"start":{"line":8,"column":0},"end":{"line":8,"column":15}},"8":{"start":{"line":9,"column":0},"end":{"line":9,"column":3}},"9":{"start":{"line":10,"column":0},"end":{"line":10,"column":0}},"10":{"start":{"line":11,"column":0},"end":{"line":11,"column":46}},"11":{"start":{"line":12,"column":0},"end":{"line":12,"column":29}},"12":{"start":{"line":13,"column":0},"end":{"line":13,"column":2}},"13":{"start":{"line":14,"column":0},"end":{"line":14,"column":0}},"14":{"start":{"line":15,"column":0},"end":{"line":15,"column":47}},"15":{"start":{"line":16,"column":0},"end":{"line":16,"column":67}},"16":{"start":{"line":17,"column":0},"end":{"line":17,"column":19}},"17":{"start":{"line":18,"column":0},"end":{"line":18,"column":5}},"18":{"start":{"line":19,"column":0},"end":{"line":19,"column":0}},"19":{"start":{"line":20,"column":0},"end":{"line":20,"column":44}},"20":{"start":{"line":21,"column":0},"end":{"line":21,"column":0}},"21":{"start":{"line":22,"column":0},"end":{"line":22,"column":32}},"22":{"start":{"line":23,"column":0},"end":{"line":23,"column":54}},"23":{"start":{"line":24,"column":0},"end":{"line":24,"column":12}},"24":{"start":{"line":25,"column":0},"end":{"line":25,"column":46}},"25":{"start":{"line":26,"column":0},"end":{"line":26,"column":24}},"26":{"start":{"line":27,"column":0},"end":{"line":27,"column":39}},"27":{"start":{"line":28,"column":0},"end":{"line":28,"column":11}},"28":{"start":{"line":29,"column":0},"end":{"line":29,"column":5}},"29":{"start":{"line":30,"column":0},"end":{"line":30,"column":26}},"30":{"start":{"line":31,"column":0},"end":{"line":31,"column":0}},"31":{"start":{"line":32,"column":0},"end":{"line":32,"column":18}},"32":{"start":{"line":33,"column":0},"end":{"line":33,"column":1}}},"s":{"0":1,"1":1,"2":1,"3":1,"4":1,"5":1,"6":1,"7":1,"8":1,"9":1,"10":1,"11":10,"12":10,"13":1,"14":38,"15":38,"16":25,"17":25,"18":13,"19":38,"20":38,"21":38,"22":7,"23":38,"24":6,"25":10,"26":10,"27":6,"28":6,"29":13,"30":13,"31":13,"32":13},"branchMap":{"0":{"type":"branch","line":11,"loc":{"start":{"line":11,"column":27},"end":{"line":13,"column":2}},"locations":[{"start":{"line":11,"column":27},"end":{"line":13,"column":2}}]},"1":{"type":"branch","line":15,"loc":{"start":{"line":15,"column":0},"end":{"line":33,"column":1}},"locations":[{"start":{"line":15,"column":0},"end":{"line":33,"column":1}}]},"2":{"type":"branch","line":16,"loc":{"start":{"line":16,"column":48},"end":{"line":16,"column":64}},"locations":[{"start":{"line":16,"column":48},"end":{"line":16,"column":64}}]},"3":{"type":"branch","line":16,"loc":{"start":{"line":16,"column":66},"end":{"line":18,"column":5}},"locations":[{"start":{"line":16,"column":66},"end":{"line":18,"column":5}}]},"4":{"type":"branch","line":19,"loc":{"start":{"line":19,"column":-1},"end":{"line":20,"column":25}},"locations":[{"start":{"line":19,"column":-1},"end":{"line":20,"column":25}}]},"5":{"type":"branch","line":20,"loc":{"start":{"line":20,"column":25},"end":{"line":20,"column":37}},"locations":[{"start":{"line":20,"column":25},"end":{"line":20,"column":37}}]},"6":{"type":"branch","line":20,"loc":{"start":{"line":20,"column":38},"end":{"line":20,"column":43}},"locations":[{"start":{"line":20,"column":38},"end":{"line":20,"column":43}}]},"7":{"type":"branch","line":22,"loc":{"start":{"line":22,"column":31},"end":{"line":24,"column":11}},"locations":[{"start":{"line":22,"column":31},"end":{"line":24,"column":11}}]},"8":{"type":"branch","line":24,"loc":{"start":{"line":24,"column":5},"end":{"line":29,"column":5}},"locations":[{"start":{"line":24,"column":5},"end":{"line":29,"column":5}}]},"9":{"type":"branch","line":30,"loc":{"start":{"line":30,"column":-1},"end":{"line":33,"column":1}},"locations":[{"start":{"line":30,"column":-1},"end":{"line":33,"column":1}}]},"10":{"type":"branch","line":23,"loc":{"start":{"line":23,"column":23},"end":{"line":23,"column":39}},"locations":[{"start":{"line":23,"column":23},"end":{"line":23,"column":39}}]},"11":{"type":"branch","line":25,"loc":{"start":{"line":25,"column":36},"end":{"line":28,"column":9}},"locations":[{"start":{"line":25,"column":36},"end":{"line":28,"column":9}}]}},"b":{"0":[10],"1":[38],"2":[13],"3":[25],"4":[13],"5":[8],"6":[5],"7":[7],"8":[6],"9":[13],"10":[18],"11":[10]},"fnMap":{"0":{"name":"Lock","decl":{"start":{"line":11,"column":27},"end":{"line":13,"column":2}},"loc":{"start":{"line":11,"column":27},"end":{"line":13,"column":2}},"line":11},"1":{"name":"DoLock","decl":{"start":{"line":15,"column":0},"end":{"line":33,"column":1}},"loc":{"start":{"line":15,"column":0},"end":{"line":33,"column":1}},"line":15}},"f":{"0":10,"1":38}}
}
