TN:
SF:src\clone\clone-decorator.ts
FN:3,CloneArguments
FN:9,CloneArguments.descriptor.value
FNF:2
FNH:2
FNDA:1,CloneArguments
FNDA:1,CloneArguments.descriptor.value
DA:1,1
DA:2,1
DA:3,1
DA:4,1
DA:5,1
DA:6,1
DA:7,1
DA:8,1
DA:9,1
DA:10,1
DA:11,1
DA:12,1
DA:13,1
LF:13
LH:13
BRDA:3,0,0,1
BRDA:9,1,0,1
BRDA:10,2,0,1
BRF:3
BRH:3
end_of_record
TN:
SF:src\clone\clone.ts
FN:4,Clone
FNF:1
FNH:1
FNDA:82,Clone
DA:1,1
DA:2,1
DA:3,1
DA:4,1
DA:5,82
DA:6,56
DA:7,56
DA:8,26
DA:9,26
DA:10,82
DA:11,1
DA:12,1
DA:13,1
DA:14,25
DA:15,82
DA:16,1
DA:17,1
DA:18,1
DA:19,24
DA:20,82
DA:21,12
DA:22,12
DA:23,12
DA:24,12
DA:25,25
DA:26,25
DA:27,25
DA:28,12
DA:29,12
LF:29
LH:29
BRDA:4,0,0,82
BRDA:5,1,0,28
BRDA:5,2,0,56
BRDA:8,3,0,26
BRDA:10,4,0,1
BRDA:14,5,0,25
BRDA:15,6,0,1
BRDA:19,7,0,24
BRDA:20,8,0,12
BRDA:21,9,0,35
BRDA:24,10,0,25
BRF:11
BRH:11
end_of_record
TN:
SF:src\compose\compose.ts
FN:5,Compose
FN:17,ComposeAsync
FNF:2
FNH:2
FNDA:3,Compose
FNDA:1,ComposeAsync
DA:1,1
DA:2,1
DA:3,1
DA:4,1
DA:5,1
DA:6,3
DA:7,3
DA:8,3
DA:9,3
DA:10,3
DA:11,3
DA:12,5
DA:13,3
DA:14,3
DA:15,1
DA:16,1
DA:17,1
DA:18,1
DA:19,1
DA:20,1
DA:21,1
DA:22,1
DA:23,1
DA:24,1
DA:25,1
DA:26,3
DA:27,1
DA:28,1
DA:29,1
DA:30,1
LF:30
LH:30
BRDA:5,0,0,3
BRDA:9,1,0,3
BRDA:11,2,0,5
BRDA:17,3,0,1
BRDA:21,4,0,1
BRDA:22,5,0,1
BRDA:25,6,0,3
BRF:7
BRH:7
end_of_record
TN:
SF:src\domain\primitive-types.ts
FNF:0
FNH:0
DA:1,1
DA:2,1
DA:3,1
DA:4,1
DA:5,1
DA:6,1
DA:7,1
LF:7
LH:7
BRF:0
BRH:0
end_of_record
TN:
SF:src\fun-ar\fun-ar.ts
FN:11,findIndexSeq
FN:16,recFind
FN:48,forEach
FN:75,find
FN:90,map
FN:95,onResponse
FN:127,filter
FN:132,onResponse
FN:165,reduce
FN:195,forEach
FN:220,map
FN:257,filter
FNF:12
FNH:12
FNDA:1,findIndexSeq
FNDA:5,recFind
FNDA:1,forEach
FNDA:1,find
FNDA:3,map
FNDA:7,onResponse
FNDA:1,filter
FNDA:9,onResponse
FNDA:2,reduce
FNDA:1,forEach
FNDA:1,map
FNDA:1,filter
DA:1,1
DA:2,1
DA:3,1
DA:4,1
DA:5,1
DA:6,1
DA:7,1
DA:8,1
DA:9,1
DA:10,1
DA:11,1
DA:12,1
DA:13,1
DA:14,1
DA:15,1
DA:16,1
DA:17,5
DA:18,5
DA:19,1
DA:20,5
DA:21,0
DA:22,4
DA:23,4
DA:24,4
DA:25,5
DA:26,1
DA:27,1
DA:28,0
DA:29,1
DA:30,1
DA:31,1
DA:32,1
DA:33,1
DA:34,1
DA:35,1
DA:36,1
DA:37,1
DA:38,1
DA:39,1
DA:40,1
DA:41,1
DA:42,1
DA:43,1
DA:44,1
DA:45,1
DA:46,1
DA:47,1
DA:48,1
DA:49,1
DA:50,1
DA:51,1
DA:52,1
DA:53,1
DA:54,100000
DA:55,100000
DA:56,0
DA:57,0
DA:58,0
DA:59,100000
DA:60,100000
DA:61,100000
DA:62,100000
DA:63,100000
DA:64,100000
DA:65,1
DA:66,1
DA:67,1
DA:68,1
DA:69,1
DA:70,1
DA:71,1
DA:72,1
DA:73,1
DA:74,1
DA:75,1
DA:76,1
DA:77,1
DA:78,1
DA:79,1
DA:80,1
DA:81,1
DA:82,1
DA:83,1
DA:84,1
DA:85,1
DA:86,1
DA:87,1
DA:88,1
DA:89,1
DA:90,1
DA:91,3
DA:92,3
DA:93,3
DA:94,3
DA:95,3
DA:96,3
DA:97,3
DA:98,3
DA:99,3
DA:100,3
DA:101,11
DA:102,9
DA:103,0
DA:104,0
DA:105,0
DA:106,0
DA:107,0
DA:108,0
DA:109,0
DA:110,9
DA:111,9
DA:112,9
DA:113,9
DA:114,9
DA:115,9
DA:116,9
DA:117,11
DA:118,3
DA:119,3
DA:120,1
DA:121,1
DA:122,1
DA:123,1
DA:124,1
DA:125,1
DA:126,1
DA:127,1
DA:128,1
DA:129,1
DA:130,1
DA:131,1
DA:132,1
DA:133,9
DA:134,9
DA:135,9
DA:136,1
DA:137,1
DA:138,1
DA:139,9
DA:140,9
DA:141,0
DA:142,0
DA:143,0
DA:144,0
DA:145,0
DA:146,0
DA:147,0
DA:148,9
DA:149,9
DA:150,9
DA:151,9
DA:152,9
DA:153,9
DA:154,9
DA:155,9
DA:156,1
DA:157,1
DA:158,1
DA:159,1
DA:160,1
DA:161,1
DA:162,1
DA:163,1
DA:164,1
DA:165,1
DA:166,2
DA:167,2
DA:168,2
DA:169,2
DA:170,2
DA:171,2
DA:172,2
DA:173,2
DA:174,2
DA:175,2
DA:176,2
DA:177,2
DA:178,2
DA:179,2
DA:180,2
DA:181,11
DA:182,11
DA:183,11
DA:184,2
DA:185,2
DA:186,1
DA:187,1
DA:188,1
DA:189,1
DA:190,1
DA:191,1
DA:192,1
DA:193,1
DA:194,1
DA:195,1
DA:196,1
DA:197,1
DA:198,1
DA:199,1
DA:200,1
DA:201,1
DA:202,5
DA:203,0
DA:204,0
DA:205,0
DA:206,0
DA:207,5
DA:208,5
DA:209,5
DA:210,1
DA:211,1
DA:212,1
DA:213,1
DA:214,1
DA:215,1
DA:216,1
DA:217,1
DA:218,1
DA:219,1
DA:220,1
DA:221,1
DA:222,1
DA:223,1
DA:224,1
DA:225,1
DA:226,1
DA:227,1
DA:228,5
DA:229,0
DA:230,0
DA:231,0
DA:232,0
DA:233,0
DA:234,0
DA:235,0
DA:236,0
DA:237,0
DA:238,5
DA:239,5
DA:240,5
DA:241,5
DA:242,5
DA:243,5
DA:244,5
DA:245,1
DA:246,1
DA:247,1
DA:248,1
DA:249,1
DA:250,1
DA:251,1
DA:252,1
DA:253,1
DA:254,1
DA:255,1
DA:256,1
DA:257,1
DA:258,1
DA:259,1
DA:260,1
DA:261,1
DA:262,1
DA:263,1
DA:264,9
DA:265,0
DA:266,9
DA:267,9
DA:268,9
DA:269,1
DA:270,1
DA:271,1
DA:272,1
DA:273,1
DA:274,1
DA:275,1
DA:276,1
LF:276
LH:243
BRDA:11,0,0,1
BRDA:15,1,0,1
BRDA:27,2,0,0
BRDA:16,3,0,5
BRDA:16,4,0,5
BRDA:17,5,0,5
BRDA:18,6,0,1
BRDA:20,7,0,4
BRDA:20,8,0,0
BRDA:48,9,0,1
BRDA:52,10,0,1
BRDA:53,11,0,100000
BRDA:54,12,0,100000
BRDA:55,13,0,0
BRDA:60,14,0,100000
BRDA:75,15,0,1
BRDA:79,16,0,1
BRDA:80,17,0,1
BRDA:81,18,0,0
BRDA:90,19,0,3
BRDA:94,20,0,3
BRDA:95,21,0,7
BRDA:100,22,0,11
BRDA:101,23,0,9
BRDA:102,24,0,0
BRDA:112,25,0,9
BRDA:113,26,0,7
BRDA:127,27,0,1
BRDA:131,28,0,1
BRDA:132,29,0,9
BRDA:136,30,0,5
BRDA:136,31,0,4
BRDA:138,32,0,9
BRDA:139,33,0,9
BRDA:140,34,0,0
BRDA:150,35,0,9
BRDA:151,36,0,9
BRDA:165,37,0,2
BRDA:169,38,0,2
BRDA:172,39,0,1
BRDA:173,40,0,1
BRDA:176,41,0,1
BRDA:177,42,0,1
BRDA:178,43,0,1
BRDA:178,44,0,1
BRDA:180,45,0,11
BRDA:181,46,0,11
BRDA:195,47,0,1
BRDA:199,48,0,1
BRDA:201,49,0,5
BRDA:202,50,0,0
BRDA:211,51,0,1
BRDA:220,52,0,1
BRDA:224,53,0,1
BRDA:227,54,0,5
BRDA:228,55,0,0
BRDA:231,56,0,0
BRDA:241,57,0,5
BRDA:241,58,0,5
BRDA:241,59,0,5
BRDA:257,60,0,1
BRDA:261,61,0,1
BRDA:262,62,0,1
BRDA:263,63,0,9
BRDA:264,64,0,0
BRDA:265,65,0,0
BRDA:267,66,0,9
BRDA:267,67,0,9
BRDA:267,68,0,9
BRDA:272,69,0,9
BRF:70
BRH:59
end_of_record
TN:
SF:src\lock\lock-decorator.ts
FN:3,LockArguments
FN:9,LockArguments.descriptor.value
FNF:2
FNH:2
FNDA:1,LockArguments
FNDA:1,LockArguments.descriptor.value
DA:1,1
DA:2,1
DA:3,1
DA:4,1
DA:5,1
DA:6,1
DA:7,1
DA:8,1
DA:9,1
DA:10,1
DA:11,1
DA:12,1
DA:13,1
LF:13
LH:13
BRDA:3,0,0,1
BRDA:9,1,0,1
BRDA:10,2,0,1
BRF:3
BRH:3
end_of_record
TN:
SF:src\lock\lock.ts
FN:11,Lock
FN:15,DoLock
FNF:2
FNH:2
FNDA:10,Lock
FNDA:38,DoLock
DA:1,1
DA:2,1
DA:3,1
DA:4,1
DA:5,1
DA:6,1
DA:7,1
DA:8,1
DA:9,1
DA:10,1
DA:11,1
DA:12,10
DA:13,10
DA:14,1
DA:15,38
DA:16,38
DA:17,25
DA:18,25
DA:19,13
DA:20,38
DA:21,38
DA:22,38
DA:23,7
DA:24,38
DA:25,6
DA:26,10
DA:27,10
DA:28,6
DA:29,6
DA:30,13
DA:31,13
DA:32,13
DA:33,13
LF:33
LH:33
BRDA:11,0,0,10
BRDA:15,1,0,38
BRDA:16,2,0,13
BRDA:16,3,0,25
BRDA:19,4,0,13
BRDA:20,5,0,8
BRDA:20,6,0,5
BRDA:22,7,0,7
BRDA:24,8,0,6
BRDA:30,9,0,13
BRDA:23,10,0,18
BRDA:25,11,0,10
BRF:12
BRH:12
end_of_record
