TN:
SF:src\clone\clone-decorator.ts
FN:3,CloneArguments
FN:9,CloneArguments.descriptor.value
FNF:2
FNH:2
FNDA:1,CloneArguments
FNDA:1,CloneArguments.descriptor.value
DA:1,1
DA:2,1
DA:3,1
DA:4,1
DA:5,1
DA:6,1
DA:7,1
DA:8,1
DA:9,1
DA:10,1
DA:11,1
DA:12,1
DA:13,1
LF:13
LH:13
BRDA:3,0,0,1
BRDA:9,1,0,1
BRDA:10,2,0,1
BRF:3
BRH:3
end_of_record
TN:
SF:src\clone\clone.ts
FN:4,Clone
FNF:1
FNH:1
FNDA:106,Clone
DA:1,1
DA:2,1
DA:3,1
DA:4,1
DA:5,106
DA:6,65
DA:7,65
DA:8,41
DA:9,41
DA:10,106
DA:11,1
DA:12,1
DA:13,1
DA:14,40
DA:15,106
DA:16,1
DA:17,1
DA:18,1
DA:19,39
DA:20,97
DA:21,27
DA:22,27
DA:23,12
DA:24,12
DA:25,25
DA:26,25
DA:27,25
DA:28,12
DA:29,12
LF:29
LH:29
BRDA:4,0,0,106
BRDA:5,1,0,43
BRDA:5,2,0,65
BRDA:8,3,0,41
BRDA:10,4,0,1
BRDA:14,5,0,40
BRDA:15,6,0,1
BRDA:19,7,0,97
BRDA:19,8,0,39
BRDA:20,9,0,27
BRDA:23,10,0,12
BRDA:21,11,0,44
BRDA:24,12,0,25
BRF:13
BRH:13
end_of_record
TN:
SF:src\collect-pending-invocations\collect-pending-invocations-decorator.ts
FN:3,CollectPendingMethodInvocations
FNF:1
FNH:1
FNDA:2,CollectPendingMethodInvocations
DA:1,1
DA:2,1
DA:3,2
DA:4,2
DA:5,2
DA:6,2
DA:7,2
DA:8,2
DA:9,2
DA:10,2
DA:11,2
LF:11
LH:11
BRDA:3,0,0,2
BRF:1
BRH:1
end_of_record
TN:
SF:src\collect-pending-invocations\collect-pending-invocations.ts
FN:18,ListNode
FN:25,ArgsLinkedList
FN:31,findInList
FN:44,addToList
FN:50,deleteFromList
FN:92,PendingCallsContainer
FN:94,findPendingItem
FN:111,addPendingItem
FN:127,removePendingItem
FN:147,CollectPendingInvocations
FN:153,decorated
FNF:11
FNH:11
FNDA:10,ListNode
FNDA:7,ArgsLinkedList
FNDA:8,findInList
FNDA:3,addToList
FNDA:10,deleteFromList
FNDA:1,PendingCallsContainer
FNDA:15,findPendingItem
FNDA:10,addPendingItem
FNDA:10,removePendingItem
FNDA:7,CollectPendingInvocations
FNDA:15,decorated
DA:1,1
DA:2,1
DA:3,1
DA:4,1
DA:5,1
DA:6,1
DA:7,1
DA:8,1
DA:9,1
DA:10,1
DA:11,1
DA:12,1
DA:13,1
DA:14,1
DA:15,1
DA:16,1
DA:17,1
DA:18,1
DA:19,10
DA:20,10
DA:21,1
DA:22,1
DA:23,1
DA:24,1
DA:25,1
DA:26,7
DA:27,7
DA:28,7
DA:29,7
DA:30,1
DA:31,1
DA:32,8
DA:33,8
DA:34,8
DA:35,8
DA:36,5
DA:37,5
DA:38,3
DA:39,3
DA:40,3
DA:41,3
DA:42,3
DA:43,1
DA:44,1
DA:45,3
DA:46,3
DA:47,3
DA:48,3
DA:49,1
DA:50,1
DA:51,10
DA:52,10
DA:53,10
DA:54,10
DA:55,13
DA:56,10
DA:57,3
DA:58,3
DA:59,3
DA:60,3
DA:61,3
DA:62,10
DA:63,7
DA:64,7
DA:65,7
DA:66,7
DA:67,7
DA:68,7
DA:69,0
DA:70,0
DA:71,0
DA:72,0
DA:73,0
DA:74,0
DA:75,10
DA:76,3
DA:77,3
DA:78,3
DA:79,0
DA:80,0
DA:81,0
DA:82,0
DA:83,0
DA:84,0
DA:85,1
DA:86,1
DA:87,1
DA:88,1
DA:89,1
DA:90,1
DA:91,1
DA:92,1
DA:93,1
DA:94,1
DA:95,15
DA:96,15
DA:97,7
DA:98,7
DA:99,8
DA:100,8
DA:101,15
DA:102,3
DA:103,3
DA:104,5
DA:105,5
DA:106,5
DA:107,5
DA:108,5
DA:109,5
DA:110,1
DA:111,1
DA:112,10
DA:113,10
DA:114,10
DA:115,10
DA:116,10
DA:117,7
DA:118,10
DA:119,3
DA:120,3
DA:121,10
DA:122,10
DA:123,0
DA:124,0
DA:125,10
DA:126,1
DA:127,1
DA:128,10
DA:129,10
DA:130,0
DA:131,0
DA:132,10
DA:133,10
DA:134,10
DA:135,10
DA:136,10
DA:137,10
DA:138,10
DA:139,7
DA:140,7
DA:141,10
DA:142,1
DA:143,1
DA:144,1
DA:145,1
DA:146,1
DA:147,1
DA:148,7
DA:149,7
DA:150,7
DA:151,7
DA:152,7
DA:153,7
DA:154,15
DA:155,15
DA:156,15
DA:157,15
DA:158,15
DA:159,15
DA:160,5
DA:161,15
DA:162,10
DA:163,10
DA:164,10
DA:165,10
DA:166,10
DA:167,10
DA:168,10
DA:169,10
DA:170,10
DA:171,15
DA:172,0
DA:173,0
DA:174,0
DA:175,7
DA:176,7
DA:177,7
DA:178,7
LF:178
LH:159
BRDA:18,0,0,10
BRDA:25,1,0,7
BRDA:31,2,0,8
BRDA:35,3,0,5
BRDA:38,4,0,3
BRDA:44,5,0,3
BRDA:50,6,0,10
BRDA:54,7,0,13
BRDA:55,8,0,10
BRDA:56,9,0,3
BRDA:62,10,0,7
BRDA:68,11,0,0
BRDA:76,12,0,3
BRDA:79,13,0,0
BRDA:92,14,0,1
BRDA:94,15,0,15
BRDA:96,16,0,7
BRDA:99,17,0,8
BRDA:101,18,0,3
BRDA:104,19,0,5
BRDA:111,20,0,10
BRDA:116,21,0,7
BRDA:118,22,0,3
BRDA:122,23,0,0
BRDA:127,24,0,10
BRDA:129,25,0,0
BRDA:138,26,0,7
BRDA:147,27,0,7
BRDA:153,28,0,15
BRDA:159,29,0,5
BRDA:161,30,0,10
BRDA:171,31,0,0
BRDA:165,32,0,1
BRDA:166,33,0,10
BRF:34
BRH:29
end_of_record
TN:
SF:src\compose\compose.ts
FN:5,Compose
FN:17,ComposeAsync
FNF:2
FNH:2
FNDA:7,Compose
FNDA:1,ComposeAsync
DA:1,1
DA:2,1
DA:3,1
DA:4,1
DA:5,1
DA:6,7
DA:7,7
DA:8,7
DA:9,7
DA:10,7
DA:11,7
DA:12,9
DA:13,7
DA:14,7
DA:15,1
DA:16,1
DA:17,1
DA:18,1
DA:19,1
DA:20,1
DA:21,1
DA:22,1
DA:23,1
DA:24,1
DA:25,1
DA:26,3
DA:27,1
DA:28,1
DA:29,1
DA:30,1
LF:30
LH:30
BRDA:5,0,0,7
BRDA:9,1,0,7
BRDA:11,2,0,9
BRDA:17,3,0,1
BRDA:21,4,0,1
BRDA:25,5,0,3
BRF:6
BRH:6
end_of_record
TN:
SF:src\domain\primitive-types.ts
FNF:0
FNH:0
DA:1,1
DA:2,1
DA:3,1
DA:4,1
DA:5,1
DA:6,1
DA:7,1
LF:7
LH:7
BRF:0
BRH:0
end_of_record
TN:
SF:src\equals\equals.ts
FN:3,Equals
FNF:1
FNH:1
FNDA:221,Equals
DA:1,1
DA:2,1
DA:3,1
DA:4,221
DA:5,221
DA:6,127
DA:7,127
DA:8,221
DA:9,126
DA:10,126
DA:11,126
DA:12,221
DA:13,126
DA:14,126
DA:15,126
DA:16,126
DA:17,126
DA:18,126
DA:19,221
DA:20,124
DA:21,124
DA:22,124
DA:23,124
DA:24,221
DA:25,123
DA:26,221
DA:27,28
DA:28,28
DA:29,96
DA:30,221
DA:31,6
DA:32,6
DA:33,90
DA:34,90
DA:35,90
DA:36,90
DA:37,221
DA:38,90
DA:39,221
DA:40,0
DA:41,0
DA:42,90
DA:43,90
DA:44,221
DA:45,90
DA:46,90
DA:47,90
DA:48,90
DA:49,90
DA:50,90
DA:51,90
DA:52,90
DA:53,90
DA:54,90
DA:55,90
DA:56,86
DA:57,86
DA:58,86
DA:59,86
DA:60,97
DA:61,86
DA:62,86
DA:63,90
DA:64,86
DA:65,86
DA:66,86
DA:67,93
DA:68,86
DA:69,86
DA:70,0
DA:71,0
LF:71
LH:67
BRDA:3,0,0,221
BRDA:5,1,0,94
BRDA:6,2,0,127
BRDA:8,3,0,1
BRDA:9,4,0,126
BRDA:12,5,0,27
BRDA:12,6,0,0
BRDA:12,7,0,0
BRDA:13,8,0,126
BRDA:19,9,0,2
BRDA:20,10,0,124
BRDA:24,11,0,123
BRDA:26,12,0,28
BRDA:29,13,0,96
BRDA:30,14,0,6
BRDA:33,15,0,90
BRDA:37,16,0,90
BRDA:39,17,0,0
BRDA:42,18,0,90
BRDA:44,19,0,0
BRDA:44,20,0,90
BRDA:48,21,0,0
BRDA:49,22,0,0
BRDA:55,23,0,4
BRDA:56,24,0,86
BRDA:63,25,0,0
BRDA:64,26,0,86
BRDA:70,27,0,0
BRDA:59,28,0,97
BRDA:66,29,0,93
BRF:30
BRH:22
end_of_record
TN:
SF:src\fun-ar\fun-ar.ts
FN:13,findIndexSeq
FN:18,recFind
FN:46,shuffleInPlace
FN:75,forEach
FN:102,find
FN:117,map
FN:122,onResponse
FN:154,filter
FN:159,onResponse
FN:192,reduce
FN:222,forEach
FN:247,map
FN:284,filter
FN:323,subset
FN:333,isSubsetOf
FN:338,eqFunc
FN:340,isPartialSubset
FN:365,isSupersetOf
FN:378,uniqueValues
FN:379,eqFunc
FN:393,intersection
FN:394,eqFunc
FN:395,filter
FN:414,intersects
FN:424,shuffle
FNF:25
FNH:21
FNDA:1,findIndexSeq
FNDA:5,recFind
FNDA:0,shuffleInPlace
FNDA:1,forEach
FNDA:1,find
FNDA:3,map
FNDA:7,onResponse
FNDA:2,filter
FNDA:18,onResponse
FNDA:2,reduce
FNDA:1,forEach
FNDA:1,map
FNDA:1,filter
FNDA:2,subset
FNDA:4,isSubsetOf
FNDA:31,eqFunc
FNDA:10,isPartialSubset
FNDA:0,isSupersetOf
FNDA:7,uniqueValues
FNDA:82,eqFunc
FNDA:4,intersection
FNDA:31,eqFunc
FNDA:4,filter
FNDA:0,intersects
FNDA:0,shuffle
DA:1,1
DA:2,1
DA:3,1
DA:4,1
DA:5,1
DA:6,1
DA:7,1
DA:8,1
DA:9,1
DA:10,1
DA:11,1
DA:12,1
DA:13,1
DA:14,1
DA:15,1
DA:16,1
DA:17,1
DA:18,1
DA:19,5
DA:20,5
DA:21,5
DA:22,5
DA:23,5
DA:24,5
DA:25,5
DA:26,5
DA:27,5
DA:28,1
DA:29,5
DA:30,0
DA:31,4
DA:32,4
DA:33,4
DA:34,1
DA:35,1
DA:36,1
DA:37,0
DA:38,1
DA:39,1
DA:40,1
DA:41,1
DA:42,1
DA:43,1
DA:44,1
DA:45,1
DA:46,1
DA:47,0
DA:48,0
DA:49,0
DA:50,0
DA:51,0
DA:52,0
DA:53,0
DA:54,0
DA:55,0
DA:56,0
DA:57,0
DA:58,0
DA:59,0
DA:60,0
DA:61,1
DA:62,1
DA:63,1
DA:64,1
DA:65,1
DA:66,1
DA:67,1
DA:68,1
DA:69,1
DA:70,1
DA:71,1
DA:72,1
DA:73,1
DA:74,1
DA:75,1
DA:76,1
DA:77,1
DA:78,1
DA:79,1
DA:80,1
DA:81,100000
DA:82,100000
DA:83,0
DA:84,0
DA:85,0
DA:86,100000
DA:87,100000
DA:88,100000
DA:89,100000
DA:90,100000
DA:91,100000
DA:92,1
DA:93,1
DA:94,1
DA:95,1
DA:96,1
DA:97,1
DA:98,1
DA:99,1
DA:100,1
DA:101,1
DA:102,1
DA:103,1
DA:104,1
DA:105,1
DA:106,1
DA:107,1
DA:108,1
DA:109,1
DA:110,1
DA:111,1
DA:112,1
DA:113,1
DA:114,1
DA:115,1
DA:116,1
DA:117,1
DA:118,3
DA:119,3
DA:120,3
DA:121,3
DA:122,3
DA:123,7
DA:124,7
DA:125,7
DA:126,3
DA:127,3
DA:128,11
DA:129,9
DA:130,0
DA:131,0
DA:132,0
DA:133,0
DA:134,0
DA:135,0
DA:136,0
DA:137,9
DA:138,9
DA:139,9
DA:140,9
DA:141,7
DA:142,9
DA:143,9
DA:144,11
DA:145,3
DA:146,1
DA:147,1
DA:148,1
DA:149,1
DA:150,1
DA:151,1
DA:152,1
DA:153,1
DA:154,1
DA:155,2
DA:156,2
DA:157,2
DA:158,2
DA:159,2
DA:160,18
DA:161,18
DA:162,18
DA:163,2
DA:164,2
DA:165,2
DA:166,18
DA:167,18
DA:168,0
DA:169,0
DA:170,0
DA:171,0
DA:172,0
DA:173,0
DA:174,0
DA:175,18
DA:176,18
DA:177,18
DA:178,18
DA:179,18
DA:180,18
DA:181,18
DA:182,18
DA:183,2
DA:184,1
DA:185,1
DA:186,1
DA:187,1
DA:188,1
DA:189,1
DA:190,1
DA:191,1
DA:192,1
DA:193,2
DA:194,2
DA:195,2
DA:196,2
DA:197,2
DA:198,2
DA:199,2
DA:200,2
DA:201,2
DA:202,2
DA:203,2
DA:204,2
DA:205,2
DA:206,2
DA:207,2
DA:208,11
DA:209,11
DA:210,11
DA:211,2
DA:212,1
DA:213,1
DA:214,1
DA:215,1
DA:216,1
DA:217,1
DA:218,1
DA:219,1
DA:220,1
DA:221,1
DA:222,1
DA:223,1
DA:224,1
DA:225,1
DA:226,1
DA:227,1
DA:228,1
DA:229,5
DA:230,0
DA:231,0
DA:232,0
DA:233,0
DA:234,5
DA:235,5
DA:236,5
DA:237,1
DA:238,1
DA:239,1
DA:240,1
DA:241,1
DA:242,1
DA:243,1
DA:244,1
DA:245,1
DA:246,1
DA:247,1
DA:248,1
DA:249,1
DA:250,1
DA:251,1
DA:252,1
DA:253,1
DA:254,1
DA:255,5
DA:256,0
DA:257,0
DA:258,0
DA:259,0
DA:260,0
DA:261,0
DA:262,0
DA:263,0
DA:264,0
DA:265,5
DA:266,5
DA:267,5
DA:268,5
DA:269,5
DA:270,5
DA:271,5
DA:272,1
DA:273,1
DA:274,1
DA:275,1
DA:276,1
DA:277,1
DA:278,1
DA:279,1
DA:280,1
DA:281,1
DA:282,1
DA:283,1
DA:284,1
DA:285,1
DA:286,1
DA:287,1
DA:288,1
DA:289,1
DA:290,1
DA:291,9
DA:292,0
DA:293,0
DA:294,0
DA:295,0
DA:296,0
DA:297,0
DA:298,0
DA:299,0
DA:300,0
DA:301,9
DA:302,9
DA:303,9
DA:304,9
DA:305,9
DA:306,9
DA:307,1
DA:308,1
DA:309,1
DA:310,1
DA:311,1
DA:312,1
DA:313,1
DA:314,1
DA:315,1
DA:316,1
DA:317,1
DA:318,1
DA:319,1
DA:320,1
DA:321,1
DA:322,1
DA:323,1
DA:324,2
DA:325,1
DA:326,1
DA:327,1
DA:328,1
DA:329,1
DA:330,1
DA:331,1
DA:332,1
DA:333,1
DA:334,4
DA:335,4
DA:336,4
DA:337,4
DA:338,4
DA:339,4
DA:340,4
DA:341,10
DA:342,10
DA:343,10
DA:344,10
DA:345,10
DA:346,31
DA:347,10
DA:348,10
DA:349,2
DA:350,10
DA:351,2
DA:352,8
DA:353,6
DA:354,6
DA:355,4
DA:356,4
DA:357,1
DA:358,1
DA:359,1
DA:360,1
DA:361,1
DA:362,1
DA:363,1
DA:364,1
DA:365,1
DA:366,0
DA:367,0
DA:368,0
DA:369,0
DA:370,0
DA:371,1
DA:372,1
DA:373,1
DA:374,1
DA:375,1
DA:376,1
DA:377,1
DA:378,1
DA:379,7
DA:380,7
DA:381,7
DA:382,7
DA:383,27
DA:384,7
DA:385,1
DA:386,1
DA:387,1
DA:388,1
DA:389,1
DA:390,1
DA:391,1
DA:392,1
DA:393,1
DA:394,4
DA:395,4
DA:396,4
DA:397,4
DA:398,4
DA:399,4
DA:400,4
DA:401,4
DA:402,4
DA:403,4
DA:404,4
DA:405,4
DA:406,1
DA:407,1
DA:408,1
DA:409,1
DA:410,1
DA:411,1
DA:412,1
DA:413,1
DA:414,1
DA:415,0
DA:416,1
DA:417,1
DA:418,1
DA:419,1
DA:420,1
DA:421,1
DA:422,1
DA:423,1
DA:424,1
DA:425,0
DA:426,0
DA:427,0
DA:428,0
DA:429,1
LF:429
LH:364
BRDA:13,0,0,1
BRDA:36,1,0,0
BRDA:18,2,0,5
BRDA:27,3,0,1
BRDA:29,4,0,4
BRDA:29,5,0,0
BRDA:75,6,0,1
BRDA:80,7,0,100000
BRDA:81,8,0,100000
BRDA:82,9,0,0
BRDA:87,10,0,100000
BRDA:102,11,0,1
BRDA:108,12,0,0
BRDA:117,13,0,3
BRDA:122,14,0,7
BRDA:127,15,0,11
BRDA:128,16,0,9
BRDA:129,17,0,0
BRDA:139,18,0,9
BRDA:140,19,0,7
BRDA:154,20,0,2
BRDA:159,21,0,18
BRDA:163,22,0,10
BRDA:163,23,0,8
BRDA:165,24,0,18
BRDA:166,25,0,18
BRDA:167,26,0,0
BRDA:177,27,0,18
BRDA:178,28,0,18
BRDA:192,29,0,2
BRDA:199,30,0,1
BRDA:200,31,0,1
BRDA:203,32,0,1
BRDA:204,33,0,1
BRDA:205,34,0,1
BRDA:205,35,0,1
BRDA:207,36,0,11
BRDA:208,37,0,11
BRDA:222,38,0,1
BRDA:228,39,0,5
BRDA:229,40,0,0
BRDA:238,41,0,1
BRDA:247,42,0,1
BRDA:254,43,0,5
BRDA:255,44,0,0
BRDA:258,45,0,0
BRDA:268,46,0,5
BRDA:284,47,0,1
BRDA:290,48,0,9
BRDA:291,49,0,0
BRDA:294,50,0,0
BRDA:304,51,0,9
BRDA:311,52,0,9
BRDA:323,53,0,2
BRDA:333,54,0,4
BRDA:338,55,0,0
BRDA:338,56,0,31
BRDA:340,57,0,10
BRDA:348,58,0,2
BRDA:350,59,0,8
BRDA:350,60,0,2
BRDA:352,61,0,6
BRDA:345,62,0,31
BRDA:378,63,0,7
BRDA:379,64,0,0
BRDA:379,65,0,82
BRDA:382,66,0,27
BRDA:383,67,0,82
BRDA:393,68,0,4
BRDA:394,69,0,0
BRDA:394,70,0,31
BRDA:395,71,0,4
BRDA:400,72,0,14
BRDA:400,73,0,31
BRF:74
BRH:60
end_of_record
TN:
SF:src\fun-obj\fun-obj.ts
FN:12,kvForEach
FN:37,kvFilter
FN:72,kvMap
FN:103,kvReduce
FN:114,reduceCallback
FN:129,keysIntersection
FN:143,keysIntersect
FNF:7
FNH:5
FNDA:1,kvForEach
FNDA:1,kvFilter
FNDA:1,kvMap
FNDA:1,kvReduce
FNDA:4,reduceCallback
FNDA:0,keysIntersection
FNDA:0,keysIntersect
DA:1,1
DA:2,1
DA:3,1
DA:4,1
DA:5,1
DA:6,1
DA:7,1
DA:8,1
DA:9,1
DA:10,1
DA:11,1
DA:12,1
DA:13,1
DA:14,1
DA:15,1
DA:16,1
DA:17,1
DA:18,1
DA:19,1
DA:20,1
DA:21,1
DA:22,1
DA:23,4
DA:24,0
DA:25,4
DA:26,4
DA:27,4
DA:28,1
DA:29,1
DA:30,1
DA:31,1
DA:32,1
DA:33,1
DA:34,1
DA:35,1
DA:36,1
DA:37,1
DA:38,1
DA:39,1
DA:40,1
DA:41,1
DA:42,1
DA:43,1
DA:44,1
DA:45,1
DA:46,1
DA:47,1
DA:48,1
DA:49,5
DA:50,0
DA:51,0
DA:52,0
DA:53,0
DA:54,0
DA:55,0
DA:56,5
DA:57,5
DA:58,5
DA:59,1
DA:60,1
DA:61,2
DA:62,2
DA:63,1
DA:64,1
DA:65,1
DA:66,1
DA:67,1
DA:68,1
DA:69,1
DA:70,1
DA:71,1
DA:72,1
DA:73,1
DA:74,1
DA:75,1
DA:76,1
DA:77,1
DA:78,1
DA:79,1
DA:80,1
DA:81,1
DA:82,1
DA:83,4
DA:84,0
DA:85,0
DA:86,0
DA:87,0
DA:88,0
DA:89,0
DA:90,4
DA:91,4
DA:92,4
DA:93,4
DA:94,1
DA:95,1
DA:96,1
DA:97,1
DA:98,1
DA:99,1
DA:100,1
DA:101,1
DA:102,1
DA:103,1
DA:104,1
DA:105,1
DA:106,1
DA:107,1
DA:108,1
DA:109,1
DA:110,1
DA:111,1
DA:112,1
DA:113,1
DA:114,1
DA:115,4
DA:116,1
DA:117,1
DA:118,1
DA:119,1
DA:120,0
DA:121,0
DA:122,1
DA:123,1
DA:124,1
DA:125,1
DA:126,1
DA:127,1
DA:128,1
DA:129,1
DA:130,0
DA:131,0
DA:132,0
DA:133,0
DA:134,0
DA:135,0
DA:136,0
DA:137,1
DA:138,1
DA:139,1
DA:140,1
DA:141,1
DA:142,1
DA:143,1
DA:144,0
DA:145,0
DA:146,0
DA:147,0
DA:148,0
DA:149,0
DA:150,0
DA:151,1
DA:152,1
LF:152
LH:123
BRDA:12,0,0,1
BRDA:22,1,0,4
BRDA:23,2,0,0
BRDA:37,3,0,1
BRDA:48,4,0,5
BRDA:49,5,0,0
BRDA:60,6,0,2
BRDA:72,7,0,1
BRDA:82,8,0,4
BRDA:83,9,0,0
BRDA:103,10,0,1
BRDA:119,11,0,0
BRDA:114,12,0,4
BRF:13
BRH:9
end_of_record
TN:
SF:src\lock\lock-decorator.ts
FN:3,LockArguments
FN:9,LockArguments.descriptor.value
FNF:2
FNH:2
FNDA:1,LockArguments
FNDA:1,LockArguments.descriptor.value
DA:1,1
DA:2,1
DA:3,1
DA:4,1
DA:5,1
DA:6,1
DA:7,1
DA:8,1
DA:9,1
DA:10,1
DA:11,1
DA:12,1
DA:13,1
LF:13
LH:13
BRDA:3,0,0,1
BRDA:9,1,0,1
BRDA:10,2,0,1
BRF:3
BRH:3
end_of_record
TN:
SF:src\lock\lock.ts
FN:11,Lock
FN:15,DoLock
FNF:2
FNH:2
FNDA:10,Lock
FNDA:38,DoLock
DA:1,1
DA:2,1
DA:3,1
DA:4,1
DA:5,1
DA:6,1
DA:7,1
DA:8,1
DA:9,1
DA:10,1
DA:11,1
DA:12,10
DA:13,10
DA:14,1
DA:15,38
DA:16,38
DA:17,25
DA:18,25
DA:19,13
DA:20,38
DA:21,38
DA:22,38
DA:23,7
DA:24,38
DA:25,6
DA:26,10
DA:27,10
DA:28,6
DA:29,6
DA:30,13
DA:31,13
DA:32,13
DA:33,13
LF:33
LH:33
BRDA:11,0,0,10
BRDA:15,1,0,38
BRDA:16,2,0,13
BRDA:16,3,0,25
BRDA:19,4,0,13
BRDA:20,5,0,8
BRDA:20,6,0,5
BRDA:22,7,0,7
BRDA:24,8,0,6
BRDA:30,9,0,13
BRDA:23,10,0,18
BRDA:25,11,0,10
BRF:12
BRH:12
end_of_record
TN:
SF:src\memoize\memoize-async-decorator.ts
FN:5,MemoizeAsyncMethod
FN:33,descriptor.value
FNF:2
FNH:2
FNDA:3,MemoizeAsyncMethod
FNDA:9,descriptor.value
DA:1,1
DA:2,1
DA:3,1
DA:4,1
DA:5,3
DA:6,3
DA:7,3
DA:8,3
DA:9,3
DA:10,3
DA:11,3
DA:12,3
DA:13,3
DA:14,3
DA:15,3
DA:16,3
DA:17,3
DA:18,3
DA:19,3
DA:20,3
DA:21,3
DA:22,3
DA:23,3
DA:24,3
DA:25,3
DA:26,3
DA:27,3
DA:28,3
DA:29,3
DA:30,3
DA:31,3
DA:32,3
DA:33,3
DA:34,9
DA:35,9
DA:36,9
DA:37,3
DA:38,3
LF:38
LH:38
BRDA:5,0,0,3
BRDA:6,1,0,3
BRDA:29,2,0,3
BRDA:33,3,0,9
BRF:4
BRH:4
end_of_record
TN:
SF:src\memoize\memoize-async.ts
FN:8,MemoizeAsync
FN:19,findCacheIndex
FN:23,setExpireCountdown
FN:27,clearCacheEntry
FNF:4
FNH:4
FNDA:9,MemoizeAsync
FNDA:42,findCacheIndex
FNDA:8,setExpireCountdown
FNDA:5,clearCacheEntry
DA:1,1
DA:2,1
DA:3,1
DA:4,1
DA:5,1
DA:6,1
DA:7,1
DA:8,1
DA:9,9
DA:10,9
DA:11,9
DA:12,9
DA:13,9
DA:14,9
DA:15,9
DA:16,9
DA:17,9
DA:18,9
DA:19,9
DA:20,42
DA:21,9
DA:22,9
DA:23,9
DA:24,8
DA:25,8
DA:26,8
DA:27,8
DA:28,5
DA:29,5
DA:30,8
DA:31,8
DA:32,8
DA:33,8
DA:34,8
DA:35,3
DA:36,3
DA:37,3
DA:38,3
DA:39,3
DA:40,3
DA:41,3
DA:42,3
DA:43,3
DA:44,8
DA:45,5
DA:46,5
DA:47,8
DA:48,9
DA:49,9
DA:50,9
DA:51,37
DA:52,37
DA:53,22
DA:54,37
DA:55,15
DA:56,15
DA:57,15
DA:58,15
DA:59,8
DA:60,8
DA:61,15
DA:62,15
DA:63,15
DA:64,9
DA:65,9
LF:65
LH:65
BRDA:8,0,0,9
BRDA:19,1,0,42
BRDA:20,2,0,36
BRDA:23,3,0,8
BRDA:33,4,0,0
BRDA:34,5,0,3
BRDA:39,6,0,0
BRDA:44,7,0,5
BRDA:27,8,0,5
BRDA:50,9,0,37
BRDA:52,10,0,22
BRDA:54,11,0,15
BRDA:58,12,0,8
BRF:13
BRH:11
end_of_record
TN:
SF:src\memoize\memoize-decorator.ts
FN:4,MemoizeMethod
FN:16,descriptor.value
FNF:2
FNH:2
FNDA:3,MemoizeMethod
FNDA:9,descriptor.value
DA:1,1
DA:2,1
DA:3,1
DA:4,3
DA:5,3
DA:6,3
DA:7,3
DA:8,3
DA:9,3
DA:10,3
DA:11,3
DA:12,3
DA:13,3
DA:14,3
DA:15,3
DA:16,3
DA:17,9
DA:18,9
DA:19,9
DA:20,3
DA:21,3
LF:21
LH:21
BRDA:4,0,0,3
BRDA:5,1,0,3
BRDA:13,2,0,3
BRDA:16,3,0,9
BRF:4
BRH:4
end_of_record
TN:
SF:src\memoize\memoize.ts
FN:8,Memoize
FN:16,findCacheIndex
FN:20,setExpireCountdown
FN:24,clearCacheEntry
FNF:4
FNH:4
FNDA:9,Memoize
FNDA:41,findCacheIndex
FNDA:8,setExpireCountdown
FNDA:4,clearCacheEntry
DA:1,1
DA:2,1
DA:3,1
DA:4,1
DA:5,1
DA:6,1
DA:7,1
DA:8,1
DA:9,9
DA:10,9
DA:11,9
DA:12,9
DA:13,9
DA:14,9
DA:15,9
DA:16,9
DA:17,41
DA:18,9
DA:19,9
DA:20,9
DA:21,8
DA:22,8
DA:23,8
DA:24,8
DA:25,4
DA:26,4
DA:27,8
DA:28,8
DA:29,8
DA:30,8
DA:31,8
DA:32,3
DA:33,3
DA:34,3
DA:35,3
DA:36,3
DA:37,3
DA:38,3
DA:39,3
DA:40,3
DA:41,8
DA:42,5
DA:43,5
DA:44,8
DA:45,9
DA:46,9
DA:47,9
DA:48,37
DA:49,37
DA:50,22
DA:51,37
DA:52,15
DA:53,15
DA:54,15
DA:55,15
DA:56,8
DA:57,8
DA:58,15
DA:59,15
DA:60,15
DA:61,9
DA:62,9
LF:62
LH:62
BRDA:8,0,0,9
BRDA:16,1,0,41
BRDA:17,2,0,35
BRDA:20,3,0,8
BRDA:30,4,0,0
BRDA:31,5,0,3
BRDA:36,6,0,0
BRDA:41,7,0,5
BRDA:24,8,0,4
BRDA:47,9,0,37
BRDA:49,10,0,22
BRDA:51,11,0,15
BRDA:55,12,0,8
BRF:13
BRH:11
end_of_record
